{"meta": {"format": 3, "version": "7.10.5", "timestamp": "2025-08-25T13:09:49.249467", "branch_coverage": false, "show_contexts": false}, "files": {"exp_tracker\\__init__.py": {"executed_lines": [0], "summary": {"covered_lines": 0, "num_statements": 0, "percent_covered": 100.0, "percent_covered_display": "100", "missing_lines": 0, "excluded_lines": 0}, "missing_lines": [], "excluded_lines": [], "functions": {"": {"executed_lines": [], "summary": {"covered_lines": 0, "num_statements": 0, "percent_covered": 100.0, "percent_covered_display": "100", "missing_lines": 0, "excluded_lines": 0}, "missing_lines": [], "excluded_lines": []}}, "classes": {"": {"executed_lines": [], "summary": {"covered_lines": 0, "num_statements": 0, "percent_covered": 100.0, "percent_covered_display": "100", "missing_lines": 0, "excluded_lines": 0}, "missing_lines": [], "excluded_lines": []}}}, "exp_tracker\\admin.py": {"executed_lines": [0], "summary": {"covered_lines": 0, "num_statements": 0, "percent_covered": 100.0, "percent_covered_display": "100", "missing_lines": 0, "excluded_lines": 0}, "missing_lines": [], "excluded_lines": [], "functions": {"": {"executed_lines": [], "summary": {"covered_lines": 0, "num_statements": 0, "percent_covered": 100.0, "percent_covered_display": "100", "missing_lines": 0, "excluded_lines": 0}, "missing_lines": [], "excluded_lines": []}}, "classes": {"": {"executed_lines": [], "summary": {"covered_lines": 0, "num_statements": 0, "percent_covered": 100.0, "percent_covered_display": "100", "missing_lines": 0, "excluded_lines": 0}, "missing_lines": [], "excluded_lines": []}}}, "exp_tracker\\api_urls.py": {"executed_lines": [1, 2, 3, 6, 7, 8, 9, 12], "summary": {"covered_lines": 8, "num_statements": 8, "percent_covered": 100.0, "percent_covered_display": "100", "missing_lines": 0, "excluded_lines": 0}, "missing_lines": [], "excluded_lines": [], "functions": {"": {"executed_lines": [1, 2, 3, 6, 7, 8, 9, 12], "summary": {"covered_lines": 8, "num_statements": 8, "percent_covered": 100.0, "percent_covered_display": "100", "missing_lines": 0, "excluded_lines": 0}, "missing_lines": [], "excluded_lines": []}}, "classes": {"": {"executed_lines": [1, 2, 3, 6, 7, 8, 9, 12], "summary": {"covered_lines": 8, "num_statements": 8, "percent_covered": 100.0, "percent_covered_display": "100", "missing_lines": 0, "excluded_lines": 0}, "missing_lines": [], "excluded_lines": []}}}, "exp_tracker\\api_views.py": {"executed_lines": [1, 2, 3, 4, 5, 6, 8, 9, 12, 13, 21, 22, 23, 28, 29, 32, 33, 35, 37, 39, 40, 86, 104, 105, 108, 110, 112, 114, 116, 117, 118, 120, 121, 174, 175, 198, 199, 205, 223, 224, 227, 229, 231, 233, 235, 237, 239, 240, 275, 276, 283, 284, 287, 289, 291, 292, 294, 298, 299, 302, 303, 304, 320, 321, 322, 338, 351, 354, 355, 360, 367, 368, 371, 373, 375, 377, 382, 383, 384, 385, 393, 402, 403, 404, 429, 430, 431, 456, 457, 458, 461, 462, 479, 486, 488, 489, 491, 493, 494, 496, 498, 500, 502, 504, 506], "summary": {"covered_lines": 100, "num_statements": 281, "percent_covered": 35.587188612099645, "percent_covered_display": "36", "missing_lines": 181, "excluded_lines": 0}, "missing_lines": [24, 25, 42, 43, 44, 47, 48, 49, 52, 53, 57, 63, 64, 65, 66, 68, 70, 83, 84, 88, 89, 90, 91, 92, 93, 94, 95, 96, 97, 98, 99, 100, 101, 123, 125, 126, 129, 130, 131, 134, 135, 136, 137, 138, 140, 141, 142, 143, 151, 152, 153, 154, 155, 156, 157, 163, 171, 172, 177, 178, 180, 182, 183, 184, 185, 186, 187, 188, 189, 190, 191, 192, 193, 195, 196, 201, 202, 203, 207, 208, 209, 210, 211, 212, 213, 214, 215, 216, 217, 218, 219, 220, 236, 242, 244, 245, 248, 249, 250, 253, 254, 255, 256, 257, 258, 259, 265, 272, 273, 278, 279, 280, 295, 305, 306, 307, 308, 309, 310, 311, 312, 314, 315, 316, 317, 323, 324, 325, 326, 327, 328, 329, 330, 332, 333, 334, 335, 339, 340, 341, 342, 344, 356, 357, 358, 378, 407, 408, 410, 411, 412, 413, 415, 417, 434, 435, 436, 437, 439, 440, 441, 442, 443, 451, 453, 459, 465, 466, 467, 469, 476, 480, 481, 482, 484, 495, 497, 499, 501, 503, 505], "excluded_lines": [], "functions": {"AccountViewSet.get_queryset": {"executed_lines": [37], "summary": {"covered_lines": 1, "num_statements": 1, "percent_covered": 100.0, "percent_covered_display": "100", "missing_lines": 0, "excluded_lines": 0}, "missing_lines": [], "excluded_lines": []}, "AccountViewSet.summary": {"executed_lines": [], "summary": {"covered_lines": 0, "num_statements": 17, "percent_covered": 0.0, "percent_covered_display": "0", "missing_lines": 17, "excluded_lines": 0}, "missing_lines": [42, 43, 44, 47, 48, 49, 52, 53, 57, 63, 64, 65, 66, 68, 70, 83, 84], "excluded_lines": []}, "AccountViewSet._get_expense_category": {"executed_lines": [], "summary": {"covered_lines": 0, "num_statements": 14, "percent_covered": 0.0, "percent_covered_display": "0", "missing_lines": 14, "excluded_lines": 0}, "missing_lines": [88, 89, 90, 91, 92, 93, 94, 95, 96, 97, 98, 99, 100, 101], "excluded_lines": []}, "ExpenseViewSet.get_queryset": {"executed_lines": [112], "summary": {"covered_lines": 1, "num_statements": 1, "percent_covered": 100.0, "percent_covered_display": "100", "missing_lines": 0, "excluded_lines": 0}, "missing_lines": [], "excluded_lines": []}, "ExpenseViewSet.get_serializer_class": {"executed_lines": [116, 117, 118], "summary": {"covered_lines": 3, "num_statements": 3, "percent_covered": 100.0, "percent_covered_display": "100", "missing_lines": 0, "excluded_lines": 0}, "missing_lines": [], "excluded_lines": []}, "ExpenseViewSet.summary": {"executed_lines": [], "summary": {"covered_lines": 0, "num_statements": 25, "percent_covered": 0.0, "percent_covered_display": "0", "missing_lines": 25, "excluded_lines": 0}, "missing_lines": [123, 125, 126, 129, 130, 131, 134, 135, 136, 137, 138, 140, 141, 142, 143, 151, 152, 153, 154, 155, 156, 157, 163, 171, 172], "excluded_lines": []}, "ExpenseViewSet.by_category": {"executed_lines": [], "summary": {"covered_lines": 0, "num_statements": 17, "percent_covered": 0.0, "percent_covered_display": "0", "missing_lines": 17, "excluded_lines": 0}, "missing_lines": [177, 178, 180, 182, 183, 184, 185, 186, 187, 188, 189, 190, 191, 192, 193, 195, 196], "excluded_lines": []}, "ExpenseViewSet.recent": {"executed_lines": [], "summary": {"covered_lines": 0, "num_statements": 3, "percent_covered": 0.0, "percent_covered_display": "0", "missing_lines": 3, "excluded_lines": 0}, "missing_lines": [201, 202, 203], "excluded_lines": []}, "ExpenseViewSet._get_expense_category": {"executed_lines": [], "summary": {"covered_lines": 0, "num_statements": 14, "percent_covered": 0.0, "percent_covered_display": "0", "missing_lines": 14, "excluded_lines": 0}, "missing_lines": [207, 208, 209, 210, 211, 212, 213, 214, 215, 216, 217, 218, 219, 220], "excluded_lines": []}, "IncomeViewSet.get_queryset": {"executed_lines": [231], "summary": {"covered_lines": 1, "num_statements": 1, "percent_covered": 100.0, "percent_covered_display": "100", "missing_lines": 0, "excluded_lines": 0}, "missing_lines": [], "excluded_lines": []}, "IncomeViewSet.get_serializer_class": {"executed_lines": [235, 237], "summary": {"covered_lines": 2, "num_statements": 3, "percent_covered": 66.66666666666667, "percent_covered_display": "67", "missing_lines": 1, "excluded_lines": 0}, "missing_lines": [236], "excluded_lines": []}, "IncomeViewSet.summary": {"executed_lines": [], "summary": {"covered_lines": 0, "num_statements": 16, "percent_covered": 0.0, "percent_covered_display": "0", "missing_lines": 16, "excluded_lines": 0}, "missing_lines": [242, 244, 245, 248, 249, 250, 253, 254, 255, 256, 257, 258, 259, 265, 272, 273], "excluded_lines": []}, "IncomeViewSet.recent": {"executed_lines": [], "summary": {"covered_lines": 0, "num_statements": 3, "percent_covered": 0.0, "percent_covered_display": "0", "missing_lines": 3, "excluded_lines": 0}, "missing_lines": [278, 279, 280], "excluded_lines": []}, "FinancialReportAPIView.get": {"executed_lines": [291, 292, 294, 298, 299, 302, 303, 304, 320, 321, 322, 338, 351, 354, 355, 360], "summary": {"covered_lines": 16, "num_statements": 49, "percent_covered": 32.6530612244898, "percent_covered_display": "33", "missing_lines": 33, "excluded_lines": 0}, "missing_lines": [295, 305, 306, 307, 308, 309, 310, 311, 312, 314, 315, 316, 317, 323, 324, 325, 326, 327, 328, 329, 330, 332, 333, 334, 335, 339, 340, 341, 342, 344, 356, 357, 358], "excluded_lines": []}, "AIInsightsAPIView.get": {"executed_lines": [375, 377, 382, 383, 384, 385, 393, 402, 403, 404, 429, 430, 431, 456, 457, 458, 461, 462, 479, 486, 488, 489], "summary": {"covered_lines": 22, "num_statements": 52, "percent_covered": 42.30769230769231, "percent_covered_display": "42", "missing_lines": 30, "excluded_lines": 0}, "missing_lines": [378, 407, 408, 410, 411, 412, 413, 415, 417, 434, 435, 436, 437, 439, 440, 441, 442, 443, 451, 453, 459, 465, 466, 467, 469, 476, 480, 481, 482, 484], "excluded_lines": []}, "AIInsightsAPIView._get_expense_category": {"executed_lines": [493, 494, 496, 498, 500, 502, 504, 506], "summary": {"covered_lines": 8, "num_statements": 14, "percent_covered": 57.142857142857146, "percent_covered_display": "57", "missing_lines": 6, "excluded_lines": 0}, "missing_lines": [495, 497, 499, 501, 503, 505], "excluded_lines": []}, "": {"executed_lines": [1, 2, 3, 4, 5, 6, 8, 9, 12, 13, 21, 22, 23, 28, 29, 32, 33, 35, 39, 40, 86, 104, 105, 108, 110, 114, 120, 121, 174, 175, 198, 199, 205, 223, 224, 227, 229, 233, 239, 240, 275, 276, 283, 284, 287, 289, 367, 368, 371, 373, 491], "summary": {"covered_lines": 46, "num_statements": 48, "percent_covered": 95.83333333333333, "percent_covered_display": "96", "missing_lines": 2, "excluded_lines": 0}, "missing_lines": [24, 25], "excluded_lines": []}}, "classes": {"AccountViewSet": {"executed_lines": [37], "summary": {"covered_lines": 1, "num_statements": 32, "percent_covered": 3.125, "percent_covered_display": "3", "missing_lines": 31, "excluded_lines": 0}, "missing_lines": [42, 43, 44, 47, 48, 49, 52, 53, 57, 63, 64, 65, 66, 68, 70, 83, 84, 88, 89, 90, 91, 92, 93, 94, 95, 96, 97, 98, 99, 100, 101], "excluded_lines": []}, "ExpenseViewSet": {"executed_lines": [112, 116, 117, 118], "summary": {"covered_lines": 4, "num_statements": 63, "percent_covered": 6.349206349206349, "percent_covered_display": "6", "missing_lines": 59, "excluded_lines": 0}, "missing_lines": [123, 125, 126, 129, 130, 131, 134, 135, 136, 137, 138, 140, 141, 142, 143, 151, 152, 153, 154, 155, 156, 157, 163, 171, 172, 177, 178, 180, 182, 183, 184, 185, 186, 187, 188, 189, 190, 191, 192, 193, 195, 196, 201, 202, 203, 207, 208, 209, 210, 211, 212, 213, 214, 215, 216, 217, 218, 219, 220], "excluded_lines": []}, "IncomeViewSet": {"executed_lines": [231, 235, 237], "summary": {"covered_lines": 3, "num_statements": 23, "percent_covered": 13.043478260869565, "percent_covered_display": "13", "missing_lines": 20, "excluded_lines": 0}, "missing_lines": [236, 242, 244, 245, 248, 249, 250, 253, 254, 255, 256, 257, 258, 259, 265, 272, 273, 278, 279, 280], "excluded_lines": []}, "FinancialReportAPIView": {"executed_lines": [291, 292, 294, 298, 299, 302, 303, 304, 320, 321, 322, 338, 351, 354, 355, 360], "summary": {"covered_lines": 16, "num_statements": 49, "percent_covered": 32.6530612244898, "percent_covered_display": "33", "missing_lines": 33, "excluded_lines": 0}, "missing_lines": [295, 305, 306, 307, 308, 309, 310, 311, 312, 314, 315, 316, 317, 323, 324, 325, 326, 327, 328, 329, 330, 332, 333, 334, 335, 339, 340, 341, 342, 344, 356, 357, 358], "excluded_lines": []}, "AIInsightsAPIView": {"executed_lines": [375, 377, 382, 383, 384, 385, 393, 402, 403, 404, 429, 430, 431, 456, 457, 458, 461, 462, 479, 486, 488, 489, 493, 494, 496, 498, 500, 502, 504, 506], "summary": {"covered_lines": 30, "num_statements": 66, "percent_covered": 45.45454545454545, "percent_covered_display": "45", "missing_lines": 36, "excluded_lines": 0}, "missing_lines": [378, 407, 408, 410, 411, 412, 413, 415, 417, 434, 435, 436, 437, 439, 440, 441, 442, 443, 451, 453, 459, 465, 466, 467, 469, 476, 480, 481, 482, 484, 495, 497, 499, 501, 503, 505], "excluded_lines": []}, "": {"executed_lines": [1, 2, 3, 4, 5, 6, 8, 9, 12, 13, 21, 22, 23, 28, 29, 32, 33, 35, 39, 40, 86, 104, 105, 108, 110, 114, 120, 121, 174, 175, 198, 199, 205, 223, 224, 227, 229, 233, 239, 240, 275, 276, 283, 284, 287, 289, 367, 368, 371, 373, 491], "summary": {"covered_lines": 46, "num_statements": 48, "percent_covered": 95.83333333333333, "percent_covered_display": "96", "missing_lines": 2, "excluded_lines": 0}, "missing_lines": [24, 25], "excluded_lines": []}}}, "exp_tracker\\apps.py": {"executed_lines": [1, 4, 5, 6], "summary": {"covered_lines": 4, "num_statements": 4, "percent_covered": 100.0, "percent_covered_display": "100", "missing_lines": 0, "excluded_lines": 0}, "missing_lines": [], "excluded_lines": [], "functions": {"": {"executed_lines": [1, 4, 5, 6], "summary": {"covered_lines": 4, "num_statements": 4, "percent_covered": 100.0, "percent_covered_display": "100", "missing_lines": 0, "excluded_lines": 0}, "missing_lines": [], "excluded_lines": []}}, "classes": {"ExpTrackerConfig": {"executed_lines": [], "summary": {"covered_lines": 0, "num_statements": 0, "percent_covered": 100.0, "percent_covered_display": "100", "missing_lines": 0, "excluded_lines": 0}, "missing_lines": [], "excluded_lines": []}, "": {"executed_lines": [1, 4, 5, 6], "summary": {"covered_lines": 4, "num_statements": 4, "percent_covered": 100.0, "percent_covered_display": "100", "missing_lines": 0, "excluded_lines": 0}, "missing_lines": [], "excluded_lines": []}}}, "exp_tracker\\forms.py": {"executed_lines": [1, 2, 3, 5, 6, 8, 9, 10, 11, 20, 37, 38, 40, 41, 42, 43, 52], "summary": {"covered_lines": 17, "num_statements": 31, "percent_covered": 54.83870967741935, "percent_covered_display": "55", "missing_lines": 14, "excluded_lines": 0}, "missing_lines": [21, 22, 24, 28, 30, 31, 32, 53, 54, 56, 60, 62, 63, 64], "excluded_lines": [], "functions": {"ExpenseForm.Meta.clean": {"executed_lines": [], "summary": {"covered_lines": 0, "num_statements": 7, "percent_covered": 0.0, "percent_covered_display": "0", "missing_lines": 7, "excluded_lines": 0}, "missing_lines": [21, 22, 24, 28, 30, 31, 32], "excluded_lines": []}, "IncomeForm.Meta.clean": {"executed_lines": [], "summary": {"covered_lines": 0, "num_statements": 7, "percent_covered": 0.0, "percent_covered_display": "0", "missing_lines": 7, "excluded_lines": 0}, "missing_lines": [53, 54, 56, 60, 62, 63, 64], "excluded_lines": []}, "": {"executed_lines": [1, 2, 3, 5, 6, 8, 9, 10, 11, 20, 37, 38, 40, 41, 42, 43, 52], "summary": {"covered_lines": 17, "num_statements": 17, "percent_covered": 100.0, "percent_covered_display": "100", "missing_lines": 0, "excluded_lines": 0}, "missing_lines": [], "excluded_lines": []}}, "classes": {"ExpenseForm": {"executed_lines": [], "summary": {"covered_lines": 0, "num_statements": 0, "percent_covered": 100.0, "percent_covered_display": "100", "missing_lines": 0, "excluded_lines": 0}, "missing_lines": [], "excluded_lines": []}, "ExpenseForm.Meta": {"executed_lines": [], "summary": {"covered_lines": 0, "num_statements": 7, "percent_covered": 0.0, "percent_covered_display": "0", "missing_lines": 7, "excluded_lines": 0}, "missing_lines": [21, 22, 24, 28, 30, 31, 32], "excluded_lines": []}, "IncomeForm": {"executed_lines": [], "summary": {"covered_lines": 0, "num_statements": 0, "percent_covered": 100.0, "percent_covered_display": "100", "missing_lines": 0, "excluded_lines": 0}, "missing_lines": [], "excluded_lines": []}, "IncomeForm.Meta": {"executed_lines": [], "summary": {"covered_lines": 0, "num_statements": 7, "percent_covered": 0.0, "percent_covered_display": "0", "missing_lines": 7, "excluded_lines": 0}, "missing_lines": [53, 54, 56, 60, 62, 63, 64], "excluded_lines": []}, "": {"executed_lines": [1, 2, 3, 5, 6, 8, 9, 10, 11, 20, 37, 38, 40, 41, 42, 43, 52], "summary": {"covered_lines": 17, "num_statements": 17, "percent_covered": 100.0, "percent_covered_display": "100", "missing_lines": 0, "excluded_lines": 0}, "missing_lines": [], "excluded_lines": []}}}, "exp_tracker\\ml_models.py": {"executed_lines": [1, 2, 3, 4, 5, 6, 7, 8, 9, 10, 11, 14, 15, 19, 20, 21, 22, 23, 24, 26, 52, 95, 99, 101, 102, 103, 104, 105, 106, 107, 119, 120, 123, 124, 127, 128, 129, 130, 131, 139, 140, 141, 142, 147, 148, 151, 154, 155, 157, 167, 171, 172, 174, 175, 215, 219, 220, 222, 225, 228, 229, 230, 233, 234, 237, 241, 244, 247, 248, 249, 251, 252, 254, 269, 275], "summary": {"covered_lines": 74, "num_statements": 133, "percent_covered": 55.6390977443609, "percent_covered_display": "56", "missing_lines": 59, "excluded_lines": 0}, "missing_lines": [30, 33, 34, 35, 36, 37, 40, 41, 44, 47, 48, 50, 56, 57, 59, 60, 63, 68, 69, 72, 73, 76, 77, 78, 81, 82, 83, 85, 92, 93, 109, 112, 113, 114, 116, 143, 145, 164, 165, 178, 181, 182, 183, 186, 189, 193, 196, 197, 199, 200, 201, 208, 210, 212, 213, 223, 242, 271, 272], "excluded_lines": [], "functions": {"FinanceMLPredictor.__init__": {"executed_lines": [20, 21, 22, 23, 24], "summary": {"covered_lines": 5, "num_statements": 5, "percent_covered": 100.0, "percent_covered_display": "100", "missing_lines": 0, "excluded_lines": 0}, "missing_lines": [], "excluded_lines": []}, "FinanceMLPredictor.prepare_expense_data": {"executed_lines": [], "summary": {"covered_lines": 0, "num_statements": 12, "percent_covered": 0.0, "percent_covered_display": "0", "missing_lines": 12, "excluded_lines": 0}, "missing_lines": [30, 33, 34, 35, 36, 37, 40, 41, 44, 47, 48, 50], "excluded_lines": []}, "FinanceMLPredictor.train_expense_predictor": {"executed_lines": [], "summary": {"covered_lines": 0, "num_statements": 18, "percent_covered": 0.0, "percent_covered_display": "0", "missing_lines": 18, "excluded_lines": 0}, "missing_lines": [56, 57, 59, 60, 63, 68, 69, 72, 73, 76, 77, 78, 81, 82, 83, 85, 92, 93], "excluded_lines": []}, "FinanceMLPredictor.predict_next_month_expenses": {"executed_lines": [99, 101, 102, 103, 104, 105, 106, 107, 119, 120, 123, 124, 127, 128, 129, 130, 131, 139, 140, 141, 142, 147, 148, 151, 154, 155, 157], "summary": {"covered_lines": 27, "num_statements": 36, "percent_covered": 75.0, "percent_covered_display": "75", "missing_lines": 9, "excluded_lines": 0}, "missing_lines": [109, 112, 113, 114, 116, 143, 145, 164, 165], "excluded_lines": []}, "FinanceMLPredictor.detect_anomalies": {"executed_lines": [171, 172, 174, 175], "summary": {"covered_lines": 4, "num_statements": 20, "percent_covered": 20.0, "percent_covered_display": "20", "missing_lines": 16, "excluded_lines": 0}, "missing_lines": [178, 181, 182, 183, 186, 189, 193, 196, 197, 199, 200, 201, 208, 210, 212, 213], "excluded_lines": []}, "FinanceMLPredictor.analyze_spending_patterns": {"executed_lines": [219, 220, 222, 225, 228, 229, 230, 233, 234, 237, 241, 244, 247, 248, 249, 251, 252, 254, 269], "summary": {"covered_lines": 19, "num_statements": 23, "percent_covered": 82.6086956521739, "percent_covered_display": "83", "missing_lines": 4, "excluded_lines": 0}, "missing_lines": [223, 242, 271, 272], "excluded_lines": []}, "": {"executed_lines": [1, 2, 3, 4, 5, 6, 7, 8, 9, 10, 11, 14, 15, 19, 26, 52, 95, 167, 215, 275], "summary": {"covered_lines": 19, "num_statements": 19, "percent_covered": 100.0, "percent_covered_display": "100", "missing_lines": 0, "excluded_lines": 0}, "missing_lines": [], "excluded_lines": []}}, "classes": {"FinanceMLPredictor": {"executed_lines": [20, 21, 22, 23, 24, 99, 101, 102, 103, 104, 105, 106, 107, 119, 120, 123, 124, 127, 128, 129, 130, 131, 139, 140, 141, 142, 147, 148, 151, 154, 155, 157, 171, 172, 174, 175, 219, 220, 222, 225, 228, 229, 230, 233, 234, 237, 241, 244, 247, 248, 249, 251, 252, 254, 269], "summary": {"covered_lines": 55, "num_statements": 114, "percent_covered": 48.24561403508772, "percent_covered_display": "48", "missing_lines": 59, "excluded_lines": 0}, "missing_lines": [30, 33, 34, 35, 36, 37, 40, 41, 44, 47, 48, 50, 56, 57, 59, 60, 63, 68, 69, 72, 73, 76, 77, 78, 81, 82, 83, 85, 92, 93, 109, 112, 113, 114, 116, 143, 145, 164, 165, 178, 181, 182, 183, 186, 189, 193, 196, 197, 199, 200, 201, 208, 210, 212, 213, 223, 242, 271, 272], "excluded_lines": []}, "": {"executed_lines": [1, 2, 3, 4, 5, 6, 7, 8, 9, 10, 11, 14, 15, 19, 26, 52, 95, 167, 215, 275], "summary": {"covered_lines": 19, "num_statements": 19, "percent_covered": 100.0, "percent_covered_display": "100", "missing_lines": 0, "excluded_lines": 0}, "missing_lines": [], "excluded_lines": []}}}, "exp_tracker\\models.py": {"executed_lines": [1, 2, 3, 6, 7, 8, 9, 10, 11, 12, 13, 15, 16, 17, 18, 19, 20, 21, 22, 23, 25, 26, 27, 28, 30, 31, 32, 35, 36, 37, 38, 45, 46, 47, 48, 49, 50, 51, 52, 53, 55, 56, 58, 60], "summary": {"covered_lines": 44, "num_statements": 55, "percent_covered": 80.0, "percent_covered_display": "80", "missing_lines": 11, "excluded_lines": 0}, "missing_lines": [33, 40, 57, 61, 62, 63, 65, 66, 67, 68, 70], "excluded_lines": [], "functions": {"Expense.save": {"executed_lines": [26, 27, 28], "summary": {"covered_lines": 3, "num_statements": 3, "percent_covered": 100.0, "percent_covered_display": "100", "missing_lines": 0, "excluded_lines": 0}, "missing_lines": [], "excluded_lines": []}, "Expense.calculate_monthly_expenses": {"executed_lines": [31, 32, 35, 36, 37, 38], "summary": {"covered_lines": 6, "num_statements": 8, "percent_covered": 75.0, "percent_covered_display": "75", "missing_lines": 2, "excluded_lines": 0}, "missing_lines": [33, 40], "excluded_lines": []}, "Income.save": {"executed_lines": [56, 58], "summary": {"covered_lines": 2, "num_statements": 3, "percent_covered": 66.66666666666667, "percent_covered_display": "67", "missing_lines": 1, "excluded_lines": 0}, "missing_lines": [57], "excluded_lines": []}, "Income.calculate_monthly_incomes": {"executed_lines": [], "summary": {"covered_lines": 0, "num_statements": 8, "percent_covered": 0.0, "percent_covered_display": "0", "missing_lines": 8, "excluded_lines": 0}, "missing_lines": [61, 62, 63, 65, 66, 67, 68, 70], "excluded_lines": []}, "": {"executed_lines": [1, 2, 3, 6, 7, 8, 9, 10, 11, 12, 13, 15, 16, 17, 18, 19, 20, 21, 22, 23, 25, 30, 45, 46, 47, 48, 49, 50, 51, 52, 53, 55, 60], "summary": {"covered_lines": 33, "num_statements": 33, "percent_covered": 100.0, "percent_covered_display": "100", "missing_lines": 0, "excluded_lines": 0}, "missing_lines": [], "excluded_lines": []}}, "classes": {"Account": {"executed_lines": [], "summary": {"covered_lines": 0, "num_statements": 0, "percent_covered": 100.0, "percent_covered_display": "100", "missing_lines": 0, "excluded_lines": 0}, "missing_lines": [], "excluded_lines": []}, "Expense": {"executed_lines": [26, 27, 28, 31, 32, 35, 36, 37, 38], "summary": {"covered_lines": 9, "num_statements": 11, "percent_covered": 81.81818181818181, "percent_covered_display": "82", "missing_lines": 2, "excluded_lines": 0}, "missing_lines": [33, 40], "excluded_lines": []}, "Income": {"executed_lines": [56, 58], "summary": {"covered_lines": 2, "num_statements": 11, "percent_covered": 18.181818181818183, "percent_covered_display": "18", "missing_lines": 9, "excluded_lines": 0}, "missing_lines": [57, 61, 62, 63, 65, 66, 67, 68, 70], "excluded_lines": []}, "": {"executed_lines": [1, 2, 3, 6, 7, 8, 9, 10, 11, 12, 13, 15, 16, 17, 18, 19, 20, 21, 22, 23, 25, 30, 45, 46, 47, 48, 49, 50, 51, 52, 53, 55, 60], "summary": {"covered_lines": 33, "num_statements": 33, "percent_covered": 100.0, "percent_covered_display": "100", "missing_lines": 0, "excluded_lines": 0}, "missing_lines": [], "excluded_lines": []}}}, "exp_tracker\\serializers.py": {"executed_lines": [1, 2, 3, 4, 7, 8, 9, 10, 11, 12, 15, 16, 17, 18, 19, 20, 22, 23, 24, 26, 28, 30, 32, 34, 36, 38, 41, 42, 43, 44, 45, 46, 48, 49, 50, 53, 55, 57, 58, 60, 62, 64, 66, 68, 70, 72, 74, 76, 78, 80, 83, 86, 87, 88, 89, 90, 92, 93, 94, 97, 99, 105, 113, 114, 115, 116, 117, 119, 121, 122, 125, 126, 128, 131, 132, 133, 134, 135, 137, 149, 150, 151, 152, 153, 154, 155, 156, 157, 158, 159, 160, 163, 164, 165, 166, 167, 168, 169, 170, 173, 174, 175, 176, 177, 178, 179, 180, 183, 184, 185, 186, 187, 188, 191, 192, 193, 194, 195, 196, 197, 200, 201, 202, 203, 204, 205], "summary": {"covered_lines": 114, "num_statements": 135, "percent_covered": 84.44444444444444, "percent_covered_display": "84", "missing_lines": 21, "excluded_lines": 0}, "missing_lines": [59, 61, 63, 65, 67, 69, 75, 81, 82, 101, 102, 103, 107, 108, 109, 110, 139, 140, 143, 144, 146], "excluded_lines": [], "functions": {"AccountSerializer.get_total_expenses": {"executed_lines": [30], "summary": {"covered_lines": 1, "num_statements": 1, "percent_covered": 100.0, "percent_covered_display": "100", "missing_lines": 0, "excluded_lines": 0}, "missing_lines": [], "excluded_lines": []}, "AccountSerializer.get_total_incomes": {"executed_lines": [34], "summary": {"covered_lines": 1, "num_statements": 1, "percent_covered": 100.0, "percent_covered_display": "100", "missing_lines": 0, "excluded_lines": 0}, "missing_lines": [], "excluded_lines": []}, "AccountSerializer.get_balance": {"executed_lines": [38], "summary": {"covered_lines": 1, "num_statements": 1, "percent_covered": 100.0, "percent_covered_display": "100", "missing_lines": 0, "excluded_lines": 0}, "missing_lines": [], "excluded_lines": []}, "ExpenseSerializer.get_category": {"executed_lines": [57, 58, 60, 62, 64, 66, 68, 70], "summary": {"covered_lines": 8, "num_statements": 14, "percent_covered": 57.142857142857146, "percent_covered_display": "57", "missing_lines": 6, "excluded_lines": 0}, "missing_lines": [59, 61, 63, 65, 67, 69], "excluded_lines": []}, "ExpenseSerializer.get_monthly_expenses_display": {"executed_lines": [74, 76], "summary": {"covered_lines": 2, "num_statements": 3, "percent_covered": 66.66666666666667, "percent_covered_display": "67", "missing_lines": 1, "excluded_lines": 0}, "missing_lines": [75], "excluded_lines": []}, "ExpenseSerializer.get_days_remaining": {"executed_lines": [80, 83], "summary": {"covered_lines": 2, "num_statements": 4, "percent_covered": 50.0, "percent_covered_display": "50", "missing_lines": 2, "excluded_lines": 0}, "missing_lines": [81, 82], "excluded_lines": []}, "IncomeSerializer.get_monthly_incomes_display": {"executed_lines": [], "summary": {"covered_lines": 0, "num_statements": 3, "percent_covered": 0.0, "percent_covered_display": "0", "missing_lines": 3, "excluded_lines": 0}, "missing_lines": [101, 102, 103], "excluded_lines": []}, "IncomeSerializer.get_days_remaining": {"executed_lines": [], "summary": {"covered_lines": 0, "num_statements": 4, "percent_covered": 0.0, "percent_covered_display": "0", "missing_lines": 4, "excluded_lines": 0}, "missing_lines": [107, 108, 109, 110], "excluded_lines": []}, "ExpenseCreateSerializer.create": {"executed_lines": [121, 122, 125, 126, 128], "summary": {"covered_lines": 5, "num_statements": 5, "percent_covered": 100.0, "percent_covered_display": "100", "missing_lines": 0, "excluded_lines": 0}, "missing_lines": [], "excluded_lines": []}, "IncomeCreateSerializer.create": {"executed_lines": [], "summary": {"covered_lines": 0, "num_statements": 5, "percent_covered": 0.0, "percent_covered_display": "0", "missing_lines": 5, "excluded_lines": 0}, "missing_lines": [139, 140, 143, 144, 146], "excluded_lines": []}, "": {"executed_lines": [1, 2, 3, 4, 7, 8, 9, 10, 11, 12, 15, 16, 17, 18, 19, 20, 22, 23, 24, 26, 28, 32, 36, 41, 42, 43, 44, 45, 46, 48, 49, 50, 53, 55, 72, 78, 86, 87, 88, 89, 90, 92, 93, 94, 97, 99, 105, 113, 114, 115, 116, 117, 119, 131, 132, 133, 134, 135, 137, 149, 150, 151, 152, 153, 154, 155, 156, 157, 158, 159, 160, 163, 164, 165, 166, 167, 168, 169, 170, 173, 174, 175, 176, 177, 178, 179, 180, 183, 184, 185, 186, 187, 188, 191, 192, 193, 194, 195, 196, 197, 200, 201, 202, 203, 204, 205], "summary": {"covered_lines": 94, "num_statements": 94, "percent_covered": 100.0, "percent_covered_display": "100", "missing_lines": 0, "excluded_lines": 0}, "missing_lines": [], "excluded_lines": []}}, "classes": {"UserSerializer": {"executed_lines": [], "summary": {"covered_lines": 0, "num_statements": 0, "percent_covered": 100.0, "percent_covered_display": "100", "missing_lines": 0, "excluded_lines": 0}, "missing_lines": [], "excluded_lines": []}, "UserSerializer.Meta": {"executed_lines": [], "summary": {"covered_lines": 0, "num_statements": 0, "percent_covered": 100.0, "percent_covered_display": "100", "missing_lines": 0, "excluded_lines": 0}, "missing_lines": [], "excluded_lines": []}, "AccountSerializer": {"executed_lines": [30, 34, 38], "summary": {"covered_lines": 3, "num_statements": 3, "percent_covered": 100.0, "percent_covered_display": "100", "missing_lines": 0, "excluded_lines": 0}, "missing_lines": [], "excluded_lines": []}, "AccountSerializer.Meta": {"executed_lines": [], "summary": {"covered_lines": 0, "num_statements": 0, "percent_covered": 100.0, "percent_covered_display": "100", "missing_lines": 0, "excluded_lines": 0}, "missing_lines": [], "excluded_lines": []}, "ExpenseSerializer": {"executed_lines": [57, 58, 60, 62, 64, 66, 68, 70, 74, 76, 80, 83], "summary": {"covered_lines": 12, "num_statements": 21, "percent_covered": 57.142857142857146, "percent_covered_display": "57", "missing_lines": 9, "excluded_lines": 0}, "missing_lines": [59, 61, 63, 65, 67, 69, 75, 81, 82], "excluded_lines": []}, "ExpenseSerializer.Meta": {"executed_lines": [], "summary": {"covered_lines": 0, "num_statements": 0, "percent_covered": 100.0, "percent_covered_display": "100", "missing_lines": 0, "excluded_lines": 0}, "missing_lines": [], "excluded_lines": []}, "IncomeSerializer": {"executed_lines": [], "summary": {"covered_lines": 0, "num_statements": 7, "percent_covered": 0.0, "percent_covered_display": "0", "missing_lines": 7, "excluded_lines": 0}, "missing_lines": [101, 102, 103, 107, 108, 109, 110], "excluded_lines": []}, "IncomeSerializer.Meta": {"executed_lines": [], "summary": {"covered_lines": 0, "num_statements": 0, "percent_covered": 100.0, "percent_covered_display": "100", "missing_lines": 0, "excluded_lines": 0}, "missing_lines": [], "excluded_lines": []}, "ExpenseCreateSerializer": {"executed_lines": [121, 122, 125, 126, 128], "summary": {"covered_lines": 5, "num_statements": 5, "percent_covered": 100.0, "percent_covered_display": "100", "missing_lines": 0, "excluded_lines": 0}, "missing_lines": [], "excluded_lines": []}, "ExpenseCreateSerializer.Meta": {"executed_lines": [], "summary": {"covered_lines": 0, "num_statements": 0, "percent_covered": 100.0, "percent_covered_display": "100", "missing_lines": 0, "excluded_lines": 0}, "missing_lines": [], "excluded_lines": []}, "IncomeCreateSerializer": {"executed_lines": [], "summary": {"covered_lines": 0, "num_statements": 5, "percent_covered": 0.0, "percent_covered_display": "0", "missing_lines": 5, "excluded_lines": 0}, "missing_lines": [139, 140, 143, 144, 146], "excluded_lines": []}, "IncomeCreateSerializer.Meta": {"executed_lines": [], "summary": {"covered_lines": 0, "num_statements": 0, "percent_covered": 100.0, "percent_covered_display": "100", "missing_lines": 0, "excluded_lines": 0}, "missing_lines": [], "excluded_lines": []}, "FinancialStatsSerializer": {"executed_lines": [], "summary": {"covered_lines": 0, "num_statements": 0, "percent_covered": 100.0, "percent_covered_display": "100", "missing_lines": 0, "excluded_lines": 0}, "missing_lines": [], "excluded_lines": []}, "MonthlyDataSerializer": {"executed_lines": [], "summary": {"covered_lines": 0, "num_statements": 0, "percent_covered": 100.0, "percent_covered_display": "100", "missing_lines": 0, "excluded_lines": 0}, "missing_lines": [], "excluded_lines": []}, "AIInsightSerializer": {"executed_lines": [], "summary": {"covered_lines": 0, "num_statements": 0, "percent_covered": 100.0, "percent_covered_display": "100", "missing_lines": 0, "excluded_lines": 0}, "missing_lines": [], "excluded_lines": []}, "CategoryBreakdownSerializer": {"executed_lines": [], "summary": {"covered_lines": 0, "num_statements": 0, "percent_covered": 100.0, "percent_covered_display": "100", "missing_lines": 0, "excluded_lines": 0}, "missing_lines": [], "excluded_lines": []}, "ExpenseSummarySerializer": {"executed_lines": [], "summary": {"covered_lines": 0, "num_statements": 0, "percent_covered": 100.0, "percent_covered_display": "100", "missing_lines": 0, "excluded_lines": 0}, "missing_lines": [], "excluded_lines": []}, "IncomeSummarySerializer": {"executed_lines": [], "summary": {"covered_lines": 0, "num_statements": 0, "percent_covered": 100.0, "percent_covered_display": "100", "missing_lines": 0, "excluded_lines": 0}, "missing_lines": [], "excluded_lines": []}, "": {"executed_lines": [1, 2, 3, 4, 7, 8, 9, 10, 11, 12, 15, 16, 17, 18, 19, 20, 22, 23, 24, 26, 28, 32, 36, 41, 42, 43, 44, 45, 46, 48, 49, 50, 53, 55, 72, 78, 86, 87, 88, 89, 90, 92, 93, 94, 97, 99, 105, 113, 114, 115, 116, 117, 119, 131, 132, 133, 134, 135, 137, 149, 150, 151, 152, 153, 154, 155, 156, 157, 158, 159, 160, 163, 164, 165, 166, 167, 168, 169, 170, 173, 174, 175, 176, 177, 178, 179, 180, 183, 184, 185, 186, 187, 188, 191, 192, 193, 194, 195, 196, 197, 200, 201, 202, 203, 204, 205], "summary": {"covered_lines": 94, "num_statements": 94, "percent_covered": 100.0, "percent_covered_display": "100", "missing_lines": 0, "excluded_lines": 0}, "missing_lines": [], "excluded_lines": []}}}, "exp_tracker\\templatetags\\__init__.py": {"executed_lines": [0], "summary": {"covered_lines": 0, "num_statements": 0, "percent_covered": 100.0, "percent_covered_display": "100", "missing_lines": 0, "excluded_lines": 0}, "missing_lines": [], "excluded_lines": [], "functions": {"": {"executed_lines": [], "summary": {"covered_lines": 0, "num_statements": 0, "percent_covered": 100.0, "percent_covered_display": "100", "missing_lines": 0, "excluded_lines": 0}, "missing_lines": [], "excluded_lines": []}}, "classes": {"": {"executed_lines": [], "summary": {"covered_lines": 0, "num_statements": 0, "percent_covered": 100.0, "percent_covered_display": "100", "missing_lines": 0, "excluded_lines": 0}, "missing_lines": [], "excluded_lines": []}}}, "exp_tracker\\templatetags\\custom_filters.py": {"executed_lines": [1, 3, 5, 6, 7], "summary": {"covered_lines": 5, "num_statements": 5, "percent_covered": 100.0, "percent_covered_display": "100", "missing_lines": 0, "excluded_lines": 0}, "missing_lines": [], "excluded_lines": [], "functions": {"get_item": {"executed_lines": [7], "summary": {"covered_lines": 1, "num_statements": 1, "percent_covered": 100.0, "percent_covered_display": "100", "missing_lines": 0, "excluded_lines": 0}, "missing_lines": [], "excluded_lines": []}, "": {"executed_lines": [1, 3, 5, 6], "summary": {"covered_lines": 4, "num_statements": 4, "percent_covered": 100.0, "percent_covered_display": "100", "missing_lines": 0, "excluded_lines": 0}, "missing_lines": [], "excluded_lines": []}}, "classes": {"": {"executed_lines": [1, 3, 5, 6, 7], "summary": {"covered_lines": 5, "num_statements": 5, "percent_covered": 100.0, "percent_covered_display": "100", "missing_lines": 0, "excluded_lines": 0}, "missing_lines": [], "excluded_lines": []}}}, "exp_tracker\\tests.py": {"executed_lines": [1, 2, 3, 4, 5, 6, 7, 9, 10, 12, 13, 15, 17, 18, 23, 31, 32, 34, 36, 43, 44, 45, 47, 49, 56, 57, 58, 60, 62, 69, 70, 71, 73, 75, 76, 85, 86, 87, 89, 90, 92, 94, 95, 96, 98, 101, 109, 110, 111, 112, 114, 117, 125, 126, 127, 128, 130, 132, 133, 134, 135, 137, 139, 140, 141, 142, 144, 145, 147, 149, 155, 156, 158, 160, 166, 167, 169, 171, 177, 178, 180, 181, 183, 184, 185, 187, 189, 190, 192, 194, 195, 197, 199, 200, 202, 204, 210, 215, 217, 219, 220, 222, 225, 228, 229, 231, 232, 234, 236, 237, 238, 240, 242, 243, 245, 248, 249, 252, 253, 254, 256, 257, 259, 262, 266, 272, 275, 276, 278, 280, 283, 290, 291, 298, 300, 301, 303, 306, 307, 315, 316, 317, 320, 321, 323, 326, 327, 328, 336, 337, 338], "summary": {"covered_lines": 143, "num_statements": 143, "percent_covered": 100.0, "percent_covered_display": "100", "missing_lines": 0, "excluded_lines": 0}, "missing_lines": [], "excluded_lines": [], "functions": {"FinanceManagerTestCase.setUp": {"executed_lines": [17, 18, 23], "summary": {"covered_lines": 3, "num_statements": 3, "percent_covered": 100.0, "percent_covered_display": "100", "missing_lines": 0, "excluded_lines": 0}, "missing_lines": [], "excluded_lines": []}, "ModelTests.test_account_creation": {"executed_lines": [36, 43, 44, 45], "summary": {"covered_lines": 4, "num_statements": 4, "percent_covered": 100.0, "percent_covered_display": "100", "missing_lines": 0, "excluded_lines": 0}, "missing_lines": [], "excluded_lines": []}, "ModelTests.test_expense_creation": {"executed_lines": [49, 56, 57, 58], "summary": {"covered_lines": 4, "num_statements": 4, "percent_covered": 100.0, "percent_covered_display": "100", "missing_lines": 0, "excluded_lines": 0}, "missing_lines": [], "excluded_lines": []}, "ModelTests.test_income_creation": {"executed_lines": [62, 69, 70, 71], "summary": {"covered_lines": 4, "num_statements": 4, "percent_covered": 100.0, "percent_covered_display": "100", "missing_lines": 0, "excluded_lines": 0}, "missing_lines": [], "excluded_lines": []}, "ModelTests.test_long_term_expense_calculation": {"executed_lines": [75, 76, 85, 86, 87], "summary": {"covered_lines": 5, "num_statements": 5, "percent_covered": 100.0, "percent_covered_display": "100", "missing_lines": 0, "excluded_lines": 0}, "missing_lines": [], "excluded_lines": []}, "ViewTests.test_home_page": {"executed_lines": [94, 95, 96], "summary": {"covered_lines": 3, "num_statements": 3, "percent_covered": 100.0, "percent_covered_display": "100", "missing_lines": 0, "excluded_lines": 0}, "missing_lines": [], "excluded_lines": []}, "ViewTests.test_expense_list_view": {"executed_lines": [101, 109, 110, 111, 112], "summary": {"covered_lines": 5, "num_statements": 5, "percent_covered": 100.0, "percent_covered_display": "100", "missing_lines": 0, "excluded_lines": 0}, "missing_lines": [], "excluded_lines": []}, "ViewTests.test_income_list_view": {"executed_lines": [117, 125, 126, 127, 128], "summary": {"covered_lines": 5, "num_statements": 5, "percent_covered": 100.0, "percent_covered_display": "100", "missing_lines": 0, "excluded_lines": 0}, "missing_lines": [], "excluded_lines": []}, "ViewTests.test_report_view": {"executed_lines": [132, 133, 134, 135], "summary": {"covered_lines": 4, "num_statements": 4, "percent_covered": 100.0, "percent_covered_display": "100", "missing_lines": 0, "excluded_lines": 0}, "missing_lines": [], "excluded_lines": []}, "ViewTests.test_ai_insights_view": {"executed_lines": [139, 140, 141, 142], "summary": {"covered_lines": 4, "num_statements": 4, "percent_covered": 100.0, "percent_covered_display": "100", "missing_lines": 0, "excluded_lines": 0}, "missing_lines": [], "excluded_lines": []}, "FormTests.test_expense_form_valid": {"executed_lines": [149, 155, 156], "summary": {"covered_lines": 3, "num_statements": 3, "percent_covered": 100.0, "percent_covered_display": "100", "missing_lines": 0, "excluded_lines": 0}, "missing_lines": [], "excluded_lines": []}, "FormTests.test_expense_form_invalid": {"executed_lines": [160, 166, 167], "summary": {"covered_lines": 3, "num_statements": 3, "percent_covered": 100.0, "percent_covered_display": "100", "missing_lines": 0, "excluded_lines": 0}, "missing_lines": [], "excluded_lines": []}, "FormTests.test_income_form_valid": {"executed_lines": [171, 177, 178], "summary": {"covered_lines": 3, "num_statements": 3, "percent_covered": 100.0, "percent_covered_display": "100", "missing_lines": 0, "excluded_lines": 0}, "missing_lines": [], "excluded_lines": []}, "APITests.setUp": {"executed_lines": [184, 185], "summary": {"covered_lines": 2, "num_statements": 2, "percent_covered": 100.0, "percent_covered_display": "100", "missing_lines": 0, "excluded_lines": 0}, "missing_lines": [], "excluded_lines": []}, "APITests.test_api_accounts_list": {"executed_lines": [189, 190], "summary": {"covered_lines": 2, "num_statements": 2, "percent_covered": 100.0, "percent_covered_display": "100", "missing_lines": 0, "excluded_lines": 0}, "missing_lines": [], "excluded_lines": []}, "APITests.test_api_expenses_list": {"executed_lines": [194, 195], "summary": {"covered_lines": 2, "num_statements": 2, "percent_covered": 100.0, "percent_covered_display": "100", "missing_lines": 0, "excluded_lines": 0}, "missing_lines": [], "excluded_lines": []}, "APITests.test_api_incomes_list": {"executed_lines": [199, 200], "summary": {"covered_lines": 2, "num_statements": 2, "percent_covered": 100.0, "percent_covered_display": "100", "missing_lines": 0, "excluded_lines": 0}, "missing_lines": [], "excluded_lines": []}, "APITests.test_api_create_expense": {"executed_lines": [204, 210, 215], "summary": {"covered_lines": 3, "num_statements": 3, "percent_covered": 100.0, "percent_covered_display": "100", "missing_lines": 0, "excluded_lines": 0}, "missing_lines": [], "excluded_lines": []}, "APITests.test_api_financial_report": {"executed_lines": [219, 220], "summary": {"covered_lines": 2, "num_statements": 2, "percent_covered": 100.0, "percent_covered_display": "100", "missing_lines": 0, "excluded_lines": 0}, "missing_lines": [], "excluded_lines": []}, "APITests.test_api_ai_insights": {"executed_lines": [225, 228, 229], "summary": {"covered_lines": 3, "num_statements": 3, "percent_covered": 100.0, "percent_covered_display": "100", "missing_lines": 0, "excluded_lines": 0}, "missing_lines": [], "excluded_lines": []}, "AuthenticationTests.test_register_view": {"executed_lines": [236, 237, 238], "summary": {"covered_lines": 3, "num_statements": 3, "percent_covered": 100.0, "percent_covered_display": "100", "missing_lines": 0, "excluded_lines": 0}, "missing_lines": [], "excluded_lines": []}, "AuthenticationTests.test_login_view": {"executed_lines": [242, 243], "summary": {"covered_lines": 2, "num_statements": 2, "percent_covered": 100.0, "percent_covered_display": "100", "missing_lines": 0, "excluded_lines": 0}, "missing_lines": [], "excluded_lines": []}, "AuthenticationTests.test_protected_view_access": {"executed_lines": [248, 249, 252, 253, 254], "summary": {"covered_lines": 5, "num_statements": 5, "percent_covered": 100.0, "percent_covered_display": "100", "missing_lines": 0, "excluded_lines": 0}, "missing_lines": [], "excluded_lines": []}, "SecurityTests.test_csrf_protection": {"executed_lines": [262, 266, 272, 275, 276], "summary": {"covered_lines": 5, "num_statements": 5, "percent_covered": 100.0, "percent_covered_display": "100", "missing_lines": 0, "excluded_lines": 0}, "missing_lines": [], "excluded_lines": []}, "SecurityTests.test_sql_injection_protection": {"executed_lines": [280, 283, 290, 291, 298], "summary": {"covered_lines": 5, "num_statements": 5, "percent_covered": 100.0, "percent_covered_display": "100", "missing_lines": 0, "excluded_lines": 0}, "missing_lines": [], "excluded_lines": []}, "PerformanceTests.test_large_dataset_handling": {"executed_lines": [306, 307, 315, 316, 317, 320, 321], "summary": {"covered_lines": 7, "num_statements": 7, "percent_covered": 100.0, "percent_covered_display": "100", "missing_lines": 0, "excluded_lines": 0}, "missing_lines": [], "excluded_lines": []}, "PerformanceTests.test_database_query_optimization": {"executed_lines": [326, 327, 328, 336, 337, 338], "summary": {"covered_lines": 6, "num_statements": 6, "percent_covered": 100.0, "percent_covered_display": "100", "missing_lines": 0, "excluded_lines": 0}, "missing_lines": [], "excluded_lines": []}, "": {"executed_lines": [1, 2, 3, 4, 5, 6, 7, 9, 10, 12, 13, 15, 31, 32, 34, 47, 60, 73, 89, 90, 92, 98, 114, 130, 137, 144, 145, 147, 158, 169, 180, 181, 183, 187, 192, 197, 202, 217, 222, 231, 232, 234, 240, 245, 256, 257, 259, 278, 300, 301, 303, 323], "summary": {"covered_lines": 44, "num_statements": 44, "percent_covered": 100.0, "percent_covered_display": "100", "missing_lines": 0, "excluded_lines": 0}, "missing_lines": [], "excluded_lines": []}}, "classes": {"FinanceManagerTestCase": {"executed_lines": [17, 18, 23], "summary": {"covered_lines": 3, "num_statements": 3, "percent_covered": 100.0, "percent_covered_display": "100", "missing_lines": 0, "excluded_lines": 0}, "missing_lines": [], "excluded_lines": []}, "ModelTests": {"executed_lines": [36, 43, 44, 45, 49, 56, 57, 58, 62, 69, 70, 71, 75, 76, 85, 86, 87], "summary": {"covered_lines": 17, "num_statements": 17, "percent_covered": 100.0, "percent_covered_display": "100", "missing_lines": 0, "excluded_lines": 0}, "missing_lines": [], "excluded_lines": []}, "ViewTests": {"executed_lines": [94, 95, 96, 101, 109, 110, 111, 112, 117, 125, 126, 127, 128, 132, 133, 134, 135, 139, 140, 141, 142], "summary": {"covered_lines": 21, "num_statements": 21, "percent_covered": 100.0, "percent_covered_display": "100", "missing_lines": 0, "excluded_lines": 0}, "missing_lines": [], "excluded_lines": []}, "FormTests": {"executed_lines": [149, 155, 156, 160, 166, 167, 171, 177, 178], "summary": {"covered_lines": 9, "num_statements": 9, "percent_covered": 100.0, "percent_covered_display": "100", "missing_lines": 0, "excluded_lines": 0}, "missing_lines": [], "excluded_lines": []}, "APITests": {"executed_lines": [184, 185, 189, 190, 194, 195, 199, 200, 204, 210, 215, 219, 220, 225, 228, 229], "summary": {"covered_lines": 16, "num_statements": 16, "percent_covered": 100.0, "percent_covered_display": "100", "missing_lines": 0, "excluded_lines": 0}, "missing_lines": [], "excluded_lines": []}, "AuthenticationTests": {"executed_lines": [236, 237, 238, 242, 243, 248, 249, 252, 253, 254], "summary": {"covered_lines": 10, "num_statements": 10, "percent_covered": 100.0, "percent_covered_display": "100", "missing_lines": 0, "excluded_lines": 0}, "missing_lines": [], "excluded_lines": []}, "SecurityTests": {"executed_lines": [262, 266, 272, 275, 276, 280, 283, 290, 291, 298], "summary": {"covered_lines": 10, "num_statements": 10, "percent_covered": 100.0, "percent_covered_display": "100", "missing_lines": 0, "excluded_lines": 0}, "missing_lines": [], "excluded_lines": []}, "PerformanceTests": {"executed_lines": [306, 307, 315, 316, 317, 320, 321, 326, 327, 328, 336, 337, 338], "summary": {"covered_lines": 13, "num_statements": 13, "percent_covered": 100.0, "percent_covered_display": "100", "missing_lines": 0, "excluded_lines": 0}, "missing_lines": [], "excluded_lines": []}, "": {"executed_lines": [1, 2, 3, 4, 5, 6, 7, 9, 10, 12, 13, 15, 31, 32, 34, 47, 60, 73, 89, 90, 92, 98, 114, 130, 137, 144, 145, 147, 158, 169, 180, 181, 183, 187, 192, 197, 202, 217, 222, 231, 232, 234, 240, 245, 256, 257, 259, 278, 300, 301, 303, 323], "summary": {"covered_lines": 44, "num_statements": 44, "percent_covered": 100.0, "percent_covered_display": "100", "missing_lines": 0, "excluded_lines": 0}, "missing_lines": [], "excluded_lines": []}}}, "exp_tracker\\urls.py": {"executed_lines": [1, 2, 5], "summary": {"covered_lines": 3, "num_statements": 3, "percent_covered": 100.0, "percent_covered_display": "100", "missing_lines": 0, "excluded_lines": 0}, "missing_lines": [], "excluded_lines": [], "functions": {"": {"executed_lines": [1, 2, 5], "summary": {"covered_lines": 3, "num_statements": 3, "percent_covered": 100.0, "percent_covered_display": "100", "missing_lines": 0, "excluded_lines": 0}, "missing_lines": [], "excluded_lines": []}}, "classes": {"": {"executed_lines": [1, 2, 5], "summary": {"covered_lines": 3, "num_statements": 3, "percent_covered": 100.0, "percent_covered_display": "100", "missing_lines": 0, "excluded_lines": 0}, "missing_lines": [], "excluded_lines": []}}}, "exp_tracker\\views.py": {"executed_lines": [1, 4, 5, 6, 8, 9, 10, 12, 13, 14, 15, 16, 23, 24, 25, 29, 30, 36, 37, 39, 40, 47, 48, 51, 53, 55, 58, 65, 82, 83, 85, 86, 92, 94, 96, 99, 106, 123, 124, 126, 127, 135, 136, 137, 138, 141, 157, 158, 159, 160, 162, 163, 166, 167, 168, 213, 214, 216, 221, 222, 226, 229, 230, 232, 237, 238, 240, 246, 247, 248, 249, 252, 268, 269, 270, 271, 273, 274, 277, 278, 279, 324, 325, 327, 332, 333, 337, 340, 341, 343, 348, 349, 351, 355, 372, 388, 403, 419, 420, 421, 422, 425, 426, 429, 430, 431, 447, 448, 449, 465, 478, 481, 482, 483, 484, 486, 493, 496, 504, 510, 518, 520, 521, 523, 526, 533, 540, 548, 573, 575, 576, 578, 580, 587, 603, 621, 622, 626, 628, 630, 631, 805, 806, 860, 861, 888, 889], "summary": {"covered_lines": 147, "num_statements": 454, "percent_covered": 32.37885462555066, "percent_covered_display": "32", "missing_lines": 307, "excluded_lines": 0}, "missing_lines": [26, 27, 28, 41, 42, 43, 44, 45, 142, 144, 153, 154, 155, 169, 170, 171, 172, 175, 176, 177, 188, 189, 190, 192, 194, 197, 198, 199, 208, 209, 210, 217, 218, 223, 253, 255, 264, 265, 266, 280, 281, 282, 283, 286, 287, 288, 299, 300, 301, 303, 305, 308, 309, 310, 319, 320, 321, 328, 329, 334, 356, 358, 359, 360, 361, 362, 364, 366, 373, 375, 376, 377, 378, 379, 381, 383, 389, 392, 393, 394, 397, 399, 404, 407, 408, 409, 412, 414, 432, 433, 434, 435, 436, 437, 438, 439, 441, 442, 443, 444, 450, 451, 452, 453, 454, 455, 456, 457, 459, 460, 461, 462, 466, 467, 468, 469, 471, 487, 488, 489, 490, 497, 498, 636, 637, 639, 640, 641, 642, 643, 644, 645, 646, 647, 648, 649, 650, 651, 653, 661, 670, 671, 672, 673, 676, 677, 680, 681, 682, 683, 684, 685, 686, 687, 688, 689, 690, 691, 692, 693, 694, 696, 698, 700, 714, 717, 718, 719, 720, 723, 724, 725, 726, 728, 729, 730, 731, 732, 733, 734, 735, 736, 737, 738, 739, 740, 741, 742, 743, 745, 753, 754, 756, 757, 760, 761, 762, 763, 765, 766, 767, 770, 771, 772, 774, 780, 782, 783, 786, 787, 788, 789, 790, 792, 793, 795, 796, 798, 800, 801, 810, 811, 813, 814, 819, 820, 822, 823, 824, 825, 826, 827, 828, 829, 830, 831, 832, 833, 834, 836, 843, 844, 846, 847, 849, 854, 855, 865, 866, 867, 868, 869, 871, 873, 874, 876, 882, 883, 893, 894, 896, 897, 902, 903, 905, 906, 907, 908, 909, 910, 911, 912, 913, 914, 915, 916, 917, 919, 926, 927, 930, 931, 932, 933, 935, 936, 937, 938, 939, 940, 941, 942, 943, 944, 945, 946, 947, 948, 949, 950, 952, 960, 962, 963, 965, 971, 972], "excluded_lines": [], "functions": {"home": {"executed_lines": [37], "summary": {"covered_lines": 1, "num_statements": 1, "percent_covered": 100.0, "percent_covered_display": "100", "missing_lines": 0, "excluded_lines": 0}, "missing_lines": [], "excluded_lines": []}, "register": {"executed_lines": [40, 47, 48], "summary": {"covered_lines": 3, "num_statements": 8, "percent_covered": 37.5, "percent_covered_display": "38", "missing_lines": 5, "excluded_lines": 0}, "missing_lines": [41, 42, 43, 44, 45], "excluded_lines": []}, "generate_graph": {"executed_lines": [53, 55, 58, 65, 82, 83, 85, 86], "summary": {"covered_lines": 8, "num_statements": 8, "percent_covered": 100.0, "percent_covered_display": "100", "missing_lines": 0, "excluded_lines": 0}, "missing_lines": [], "excluded_lines": []}, "income_generate_graph": {"executed_lines": [94, 96, 99, 106, 123, 124, 126, 127], "summary": {"covered_lines": 8, "num_statements": 8, "percent_covered": 100.0, "percent_covered_display": "100", "missing_lines": 0, "excluded_lines": 0}, "missing_lines": [], "excluded_lines": []}, "ExpenseListView.form_valid": {"executed_lines": [], "summary": {"covered_lines": 0, "num_statements": 5, "percent_covered": 0.0, "percent_covered_display": "0", "missing_lines": 5, "excluded_lines": 0}, "missing_lines": [142, 144, 153, 154, 155], "excluded_lines": []}, "ExpenseListView.get_context_data": {"executed_lines": [158, 159, 160, 162, 163, 166, 167, 168, 213, 214, 216, 221, 222, 226, 229, 230, 232, 237, 238, 240], "summary": {"covered_lines": 20, "num_statements": 41, "percent_covered": 48.78048780487805, "percent_covered_display": "49", "missing_lines": 21, "excluded_lines": 0}, "missing_lines": [169, 170, 171, 172, 175, 176, 177, 188, 189, 190, 192, 194, 197, 198, 199, 208, 209, 210, 217, 218, 223], "excluded_lines": []}, "IncomeListView.form_valid": {"executed_lines": [], "summary": {"covered_lines": 0, "num_statements": 5, "percent_covered": 0.0, "percent_covered_display": "0", "missing_lines": 5, "excluded_lines": 0}, "missing_lines": [253, 255, 264, 265, 266], "excluded_lines": []}, "IncomeListView.get_context_data": {"executed_lines": [269, 270, 271, 273, 274, 277, 278, 279, 324, 325, 327, 332, 333, 337, 340, 341, 343, 348, 349, 351], "summary": {"covered_lines": 20, "num_statements": 41, "percent_covered": 48.78048780487805, "percent_covered_display": "49", "missing_lines": 21, "excluded_lines": 0}, "missing_lines": [280, 281, 282, 283, 286, 287, 288, 299, 300, 301, 303, 305, 308, 309, 310, 319, 320, 321, 328, 329, 334], "excluded_lines": []}, "edit_expense": {"executed_lines": [], "summary": {"covered_lines": 0, "num_statements": 8, "percent_covered": 0.0, "percent_covered_display": "0", "missing_lines": 8, "excluded_lines": 0}, "missing_lines": [356, 358, 359, 360, 361, 362, 364, 366], "excluded_lines": []}, "edit_income": {"executed_lines": [], "summary": {"covered_lines": 0, "num_statements": 8, "percent_covered": 0.0, "percent_covered_display": "0", "missing_lines": 8, "excluded_lines": 0}, "missing_lines": [373, 375, 376, 377, 378, 379, 381, 383], "excluded_lines": []}, "delete_expense": {"executed_lines": [], "summary": {"covered_lines": 0, "num_statements": 6, "percent_covered": 0.0, "percent_covered_display": "0", "missing_lines": 6, "excluded_lines": 0}, "missing_lines": [389, 392, 393, 394, 397, 399], "excluded_lines": []}, "delete_income": {"executed_lines": [], "summary": {"covered_lines": 0, "num_statements": 6, "percent_covered": 0.0, "percent_covered_display": "0", "missing_lines": 6, "excluded_lines": 0}, "missing_lines": [404, 407, 408, 409, 412, 414], "excluded_lines": []}, "report": {"executed_lines": [421, 422, 425, 426, 429, 430, 431, 447, 448, 449, 465, 478, 481, 482, 483, 484, 486, 493, 496, 504, 510, 518], "summary": {"covered_lines": 22, "num_statements": 57, "percent_covered": 38.59649122807018, "percent_covered_display": "39", "missing_lines": 35, "excluded_lines": 0}, "missing_lines": [432, 433, 434, 435, 436, 437, 438, 439, 441, 442, 443, 444, 450, 451, 452, 453, 454, 455, 456, 457, 459, 460, 461, 462, 466, 467, 468, 469, 471, 487, 488, 489, 490, 497, 498], "excluded_lines": []}, "generate_monthly_comparison_chart": {"executed_lines": [521, 523, 526, 533, 540, 548, 573], "summary": {"covered_lines": 7, "num_statements": 7, "percent_covered": 100.0, "percent_covered_display": "100", "missing_lines": 0, "excluded_lines": 0}, "missing_lines": [], "excluded_lines": []}, "generate_profit_loss_chart": {"executed_lines": [576, 578, 580, 587, 603], "summary": {"covered_lines": 5, "num_statements": 5, "percent_covered": 100.0, "percent_covered_display": "100", "missing_lines": 0, "excluded_lines": 0}, "missing_lines": [], "excluded_lines": []}, "ai_insights": {"executed_lines": [626, 628, 630, 631], "summary": {"covered_lines": 4, "num_statements": 101, "percent_covered": 3.9603960396039604, "percent_covered_display": "4", "missing_lines": 97, "excluded_lines": 0}, "missing_lines": [636, 637, 639, 640, 641, 642, 643, 644, 645, 646, 647, 648, 649, 650, 651, 653, 661, 670, 671, 672, 673, 676, 677, 680, 681, 682, 683, 684, 685, 686, 687, 688, 689, 690, 691, 692, 693, 694, 696, 698, 700, 714, 717, 718, 719, 720, 723, 724, 725, 726, 728, 729, 730, 731, 732, 733, 734, 735, 736, 737, 738, 739, 740, 741, 742, 743, 745, 753, 754, 756, 757, 760, 761, 762, 763, 765, 766, 767, 770, 771, 772, 774, 780, 782, 783, 786, 787, 788, 789, 790, 792, 793, 795, 796, 798, 800, 801], "excluded_lines": []}, "train_ml_model": {"executed_lines": [], "summary": {"covered_lines": 0, "num_statements": 27, "percent_covered": 0.0, "percent_covered_display": "0", "missing_lines": 27, "excluded_lines": 0}, "missing_lines": [810, 811, 813, 814, 819, 820, 822, 823, 824, 825, 826, 827, 828, 829, 830, 831, 832, 833, 834, 836, 843, 844, 846, 847, 849, 854, 855], "excluded_lines": []}, "get_expense_prediction": {"executed_lines": [], "summary": {"covered_lines": 0, "num_statements": 11, "percent_covered": 0.0, "percent_covered_display": "0", "missing_lines": 11, "excluded_lines": 0}, "missing_lines": [865, 866, 867, 868, 869, 871, 873, 874, 876, 882, 883], "excluded_lines": []}, "get_anomalies": {"executed_lines": [], "summary": {"covered_lines": 0, "num_statements": 49, "percent_covered": 0.0, "percent_covered_display": "0", "missing_lines": 49, "excluded_lines": 0}, "missing_lines": [893, 894, 896, 897, 902, 903, 905, 906, 907, 908, 909, 910, 911, 912, 913, 914, 915, 916, 917, 919, 926, 927, 930, 931, 932, 933, 935, 936, 937, 938, 939, 940, 941, 942, 943, 944, 945, 946, 947, 948, 949, 950, 952, 960, 962, 963, 965, 971, 972], "excluded_lines": []}, "": {"executed_lines": [1, 4, 5, 6, 8, 9, 10, 12, 13, 14, 15, 16, 23, 24, 25, 29, 30, 36, 39, 51, 92, 135, 136, 137, 138, 141, 157, 246, 247, 248, 249, 252, 268, 355, 372, 388, 403, 419, 420, 520, 575, 621, 622, 805, 806, 860, 861, 888, 889], "summary": {"covered_lines": 49, "num_statements": 52, "percent_covered": 94.23076923076923, "percent_covered_display": "94", "missing_lines": 3, "excluded_lines": 0}, "missing_lines": [26, 27, 28], "excluded_lines": []}}, "classes": {"ExpenseListView": {"executed_lines": [158, 159, 160, 162, 163, 166, 167, 168, 213, 214, 216, 221, 222, 226, 229, 230, 232, 237, 238, 240], "summary": {"covered_lines": 20, "num_statements": 46, "percent_covered": 43.47826086956522, "percent_covered_display": "43", "missing_lines": 26, "excluded_lines": 0}, "missing_lines": [142, 144, 153, 154, 155, 169, 170, 171, 172, 175, 176, 177, 188, 189, 190, 192, 194, 197, 198, 199, 208, 209, 210, 217, 218, 223], "excluded_lines": []}, "IncomeListView": {"executed_lines": [269, 270, 271, 273, 274, 277, 278, 279, 324, 325, 327, 332, 333, 337, 340, 341, 343, 348, 349, 351], "summary": {"covered_lines": 20, "num_statements": 46, "percent_covered": 43.47826086956522, "percent_covered_display": "43", "missing_lines": 26, "excluded_lines": 0}, "missing_lines": [253, 255, 264, 265, 266, 280, 281, 282, 283, 286, 287, 288, 299, 300, 301, 303, 305, 308, 309, 310, 319, 320, 321, 328, 329, 334], "excluded_lines": []}, "": {"executed_lines": [1, 4, 5, 6, 8, 9, 10, 12, 13, 14, 15, 16, 23, 24, 25, 29, 30, 36, 37, 39, 40, 47, 48, 51, 53, 55, 58, 65, 82, 83, 85, 86, 92, 94, 96, 99, 106, 123, 124, 126, 127, 135, 136, 137, 138, 141, 157, 246, 247, 248, 249, 252, 268, 355, 372, 388, 403, 419, 420, 421, 422, 425, 426, 429, 430, 431, 447, 448, 449, 465, 478, 481, 482, 483, 484, 486, 493, 496, 504, 510, 518, 520, 521, 523, 526, 533, 540, 548, 573, 575, 576, 578, 580, 587, 603, 621, 622, 626, 628, 630, 631, 805, 806, 860, 861, 888, 889], "summary": {"covered_lines": 107, "num_statements": 362, "percent_covered": 29.558011049723756, "percent_covered_display": "30", "missing_lines": 255, "excluded_lines": 0}, "missing_lines": [26, 27, 28, 41, 42, 43, 44, 45, 356, 358, 359, 360, 361, 362, 364, 366, 373, 375, 376, 377, 378, 379, 381, 383, 389, 392, 393, 394, 397, 399, 404, 407, 408, 409, 412, 414, 432, 433, 434, 435, 436, 437, 438, 439, 441, 442, 443, 444, 450, 451, 452, 453, 454, 455, 456, 457, 459, 460, 461, 462, 466, 467, 468, 469, 471, 487, 488, 489, 490, 497, 498, 636, 637, 639, 640, 641, 642, 643, 644, 645, 646, 647, 648, 649, 650, 651, 653, 661, 670, 671, 672, 673, 676, 677, 680, 681, 682, 683, 684, 685, 686, 687, 688, 689, 690, 691, 692, 693, 694, 696, 698, 700, 714, 717, 718, 719, 720, 723, 724, 725, 726, 728, 729, 730, 731, 732, 733, 734, 735, 736, 737, 738, 739, 740, 741, 742, 743, 745, 753, 754, 756, 757, 760, 761, 762, 763, 765, 766, 767, 770, 771, 772, 774, 780, 782, 783, 786, 787, 788, 789, 790, 792, 793, 795, 796, 798, 800, 801, 810, 811, 813, 814, 819, 820, 822, 823, 824, 825, 826, 827, 828, 829, 830, 831, 832, 833, 834, 836, 843, 844, 846, 847, 849, 854, 855, 865, 866, 867, 868, 869, 871, 873, 874, 876, 882, 883, 893, 894, 896, 897, 902, 903, 905, 906, 907, 908, 909, 910, 911, 912, 913, 914, 915, 916, 917, 919, 926, 927, 930, 931, 932, 933, 935, 936, 937, 938, 939, 940, 941, 942, 943, 944, 945, 946, 947, 948, 949, 950, 952, 960, 962, 963, 965, 971, 972], "excluded_lines": []}}}}, "totals": {"covered_lines": 659, "num_statements": 1252, "percent_covered": 52.635782747603834, "percent_covered_display": "53", "missing_lines": 593, "excluded_lines": 0}}