{"meta": {"format": 3, "version": "7.10.5", "timestamp": "2025-08-26T17:00:24.831147", "branch_coverage": false, "show_contexts": false}, "files": {"exp_tracker\\__init__.py": {"executed_lines": [0], "summary": {"covered_lines": 0, "num_statements": 0, "percent_covered": 100.0, "percent_covered_display": "100", "missing_lines": 0, "excluded_lines": 0}, "missing_lines": [], "excluded_lines": [], "functions": {"": {"executed_lines": [], "summary": {"covered_lines": 0, "num_statements": 0, "percent_covered": 100.0, "percent_covered_display": "100", "missing_lines": 0, "excluded_lines": 0}, "missing_lines": [], "excluded_lines": []}}, "classes": {"": {"executed_lines": [], "summary": {"covered_lines": 0, "num_statements": 0, "percent_covered": 100.0, "percent_covered_display": "100", "missing_lines": 0, "excluded_lines": 0}, "missing_lines": [], "excluded_lines": []}}}, "exp_tracker\\admin.py": {"executed_lines": [0], "summary": {"covered_lines": 0, "num_statements": 0, "percent_covered": 100.0, "percent_covered_display": "100", "missing_lines": 0, "excluded_lines": 0}, "missing_lines": [], "excluded_lines": [], "functions": {"": {"executed_lines": [], "summary": {"covered_lines": 0, "num_statements": 0, "percent_covered": 100.0, "percent_covered_display": "100", "missing_lines": 0, "excluded_lines": 0}, "missing_lines": [], "excluded_lines": []}}, "classes": {"": {"executed_lines": [], "summary": {"covered_lines": 0, "num_statements": 0, "percent_covered": 100.0, "percent_covered_display": "100", "missing_lines": 0, "excluded_lines": 0}, "missing_lines": [], "excluded_lines": []}}}, "exp_tracker\\api_urls.py": {"executed_lines": [1, 2, 3, 6, 7, 8, 9, 12], "summary": {"covered_lines": 8, "num_statements": 8, "percent_covered": 100.0, "percent_covered_display": "100", "missing_lines": 0, "excluded_lines": 0}, "missing_lines": [], "excluded_lines": [], "functions": {"": {"executed_lines": [1, 2, 3, 6, 7, 8, 9, 12], "summary": {"covered_lines": 8, "num_statements": 8, "percent_covered": 100.0, "percent_covered_display": "100", "missing_lines": 0, "excluded_lines": 0}, "missing_lines": [], "excluded_lines": []}}, "classes": {"": {"executed_lines": [1, 2, 3, 6, 7, 8, 9, 12], "summary": {"covered_lines": 8, "num_statements": 8, "percent_covered": 100.0, "percent_covered_display": "100", "missing_lines": 0, "excluded_lines": 0}, "missing_lines": [], "excluded_lines": []}}}, "exp_tracker\\api_views.py": {"executed_lines": [1, 2, 3, 4, 5, 6, 8, 9, 12, 13, 21, 22, 23, 28, 29, 32, 33, 35, 37, 39, 40, 86, 104, 105, 108, 110, 112, 114, 116, 117, 118, 120, 121, 174, 175, 198, 199, 205, 223, 224, 227, 229, 231, 233, 235, 237, 239, 240, 275, 276, 283, 284, 287, 289, 291, 292, 294, 298, 299, 302, 303, 304, 320, 321, 322, 338, 351, 354, 355, 360, 367, 368, 371, 373, 375, 377, 382, 383, 384, 385, 393, 402, 403, 404, 429, 430, 431, 456, 457, 458, 461, 462, 479, 486, 488, 489, 491, 493, 494, 496, 498, 500, 502, 504, 506], "summary": {"covered_lines": 100, "num_statements": 281, "percent_covered": 35.587188612099645, "percent_covered_display": "36", "missing_lines": 181, "excluded_lines": 0}, "missing_lines": [24, 25, 42, 43, 44, 47, 48, 49, 52, 53, 57, 63, 64, 65, 66, 68, 70, 83, 84, 88, 89, 90, 91, 92, 93, 94, 95, 96, 97, 98, 99, 100, 101, 123, 125, 126, 129, 130, 131, 134, 135, 136, 137, 138, 140, 141, 142, 143, 151, 152, 153, 154, 155, 156, 157, 163, 171, 172, 177, 178, 180, 182, 183, 184, 185, 186, 187, 188, 189, 190, 191, 192, 193, 195, 196, 201, 202, 203, 207, 208, 209, 210, 211, 212, 213, 214, 215, 216, 217, 218, 219, 220, 236, 242, 244, 245, 248, 249, 250, 253, 254, 255, 256, 257, 258, 259, 265, 272, 273, 278, 279, 280, 295, 305, 306, 307, 308, 309, 310, 311, 312, 314, 315, 316, 317, 323, 324, 325, 326, 327, 328, 329, 330, 332, 333, 334, 335, 339, 340, 341, 342, 344, 356, 357, 358, 378, 407, 408, 410, 411, 412, 413, 415, 417, 434, 435, 436, 437, 439, 440, 441, 442, 443, 451, 453, 459, 465, 466, 467, 469, 476, 480, 481, 482, 484, 495, 497, 499, 501, 503, 505], "excluded_lines": [], "functions": {"AccountViewSet.get_queryset": {"executed_lines": [37], "summary": {"covered_lines": 1, "num_statements": 1, "percent_covered": 100.0, "percent_covered_display": "100", "missing_lines": 0, "excluded_lines": 0}, "missing_lines": [], "excluded_lines": []}, "AccountViewSet.summary": {"executed_lines": [], "summary": {"covered_lines": 0, "num_statements": 17, "percent_covered": 0.0, "percent_covered_display": "0", "missing_lines": 17, "excluded_lines": 0}, "missing_lines": [42, 43, 44, 47, 48, 49, 52, 53, 57, 63, 64, 65, 66, 68, 70, 83, 84], "excluded_lines": []}, "AccountViewSet._get_expense_category": {"executed_lines": [], "summary": {"covered_lines": 0, "num_statements": 14, "percent_covered": 0.0, "percent_covered_display": "0", "missing_lines": 14, "excluded_lines": 0}, "missing_lines": [88, 89, 90, 91, 92, 93, 94, 95, 96, 97, 98, 99, 100, 101], "excluded_lines": []}, "ExpenseViewSet.get_queryset": {"executed_lines": [112], "summary": {"covered_lines": 1, "num_statements": 1, "percent_covered": 100.0, "percent_covered_display": "100", "missing_lines": 0, "excluded_lines": 0}, "missing_lines": [], "excluded_lines": []}, "ExpenseViewSet.get_serializer_class": {"executed_lines": [116, 117, 118], "summary": {"covered_lines": 3, "num_statements": 3, "percent_covered": 100.0, "percent_covered_display": "100", "missing_lines": 0, "excluded_lines": 0}, "missing_lines": [], "excluded_lines": []}, "ExpenseViewSet.summary": {"executed_lines": [], "summary": {"covered_lines": 0, "num_statements": 25, "percent_covered": 0.0, "percent_covered_display": "0", "missing_lines": 25, "excluded_lines": 0}, "missing_lines": [123, 125, 126, 129, 130, 131, 134, 135, 136, 137, 138, 140, 141, 142, 143, 151, 152, 153, 154, 155, 156, 157, 163, 171, 172], "excluded_lines": []}, "ExpenseViewSet.by_category": {"executed_lines": [], "summary": {"covered_lines": 0, "num_statements": 17, "percent_covered": 0.0, "percent_covered_display": "0", "missing_lines": 17, "excluded_lines": 0}, "missing_lines": [177, 178, 180, 182, 183, 184, 185, 186, 187, 188, 189, 190, 191, 192, 193, 195, 196], "excluded_lines": []}, "ExpenseViewSet.recent": {"executed_lines": [], "summary": {"covered_lines": 0, "num_statements": 3, "percent_covered": 0.0, "percent_covered_display": "0", "missing_lines": 3, "excluded_lines": 0}, "missing_lines": [201, 202, 203], "excluded_lines": []}, "ExpenseViewSet._get_expense_category": {"executed_lines": [], "summary": {"covered_lines": 0, "num_statements": 14, "percent_covered": 0.0, "percent_covered_display": "0", "missing_lines": 14, "excluded_lines": 0}, "missing_lines": [207, 208, 209, 210, 211, 212, 213, 214, 215, 216, 217, 218, 219, 220], "excluded_lines": []}, "IncomeViewSet.get_queryset": {"executed_lines": [231], "summary": {"covered_lines": 1, "num_statements": 1, "percent_covered": 100.0, "percent_covered_display": "100", "missing_lines": 0, "excluded_lines": 0}, "missing_lines": [], "excluded_lines": []}, "IncomeViewSet.get_serializer_class": {"executed_lines": [235, 237], "summary": {"covered_lines": 2, "num_statements": 3, "percent_covered": 66.66666666666667, "percent_covered_display": "67", "missing_lines": 1, "excluded_lines": 0}, "missing_lines": [236], "excluded_lines": []}, "IncomeViewSet.summary": {"executed_lines": [], "summary": {"covered_lines": 0, "num_statements": 16, "percent_covered": 0.0, "percent_covered_display": "0", "missing_lines": 16, "excluded_lines": 0}, "missing_lines": [242, 244, 245, 248, 249, 250, 253, 254, 255, 256, 257, 258, 259, 265, 272, 273], "excluded_lines": []}, "IncomeViewSet.recent": {"executed_lines": [], "summary": {"covered_lines": 0, "num_statements": 3, "percent_covered": 0.0, "percent_covered_display": "0", "missing_lines": 3, "excluded_lines": 0}, "missing_lines": [278, 279, 280], "excluded_lines": []}, "FinancialReportAPIView.get": {"executed_lines": [291, 292, 294, 298, 299, 302, 303, 304, 320, 321, 322, 338, 351, 354, 355, 360], "summary": {"covered_lines": 16, "num_statements": 49, "percent_covered": 32.6530612244898, "percent_covered_display": "33", "missing_lines": 33, "excluded_lines": 0}, "missing_lines": [295, 305, 306, 307, 308, 309, 310, 311, 312, 314, 315, 316, 317, 323, 324, 325, 326, 327, 328, 329, 330, 332, 333, 334, 335, 339, 340, 341, 342, 344, 356, 357, 358], "excluded_lines": []}, "AIInsightsAPIView.get": {"executed_lines": [375, 377, 382, 383, 384, 385, 393, 402, 403, 404, 429, 430, 431, 456, 457, 458, 461, 462, 479, 486, 488, 489], "summary": {"covered_lines": 22, "num_statements": 52, "percent_covered": 42.30769230769231, "percent_covered_display": "42", "missing_lines": 30, "excluded_lines": 0}, "missing_lines": [378, 407, 408, 410, 411, 412, 413, 415, 417, 434, 435, 436, 437, 439, 440, 441, 442, 443, 451, 453, 459, 465, 466, 467, 469, 476, 480, 481, 482, 484], "excluded_lines": []}, "AIInsightsAPIView._get_expense_category": {"executed_lines": [493, 494, 496, 498, 500, 502, 504, 506], "summary": {"covered_lines": 8, "num_statements": 14, "percent_covered": 57.142857142857146, "percent_covered_display": "57", "missing_lines": 6, "excluded_lines": 0}, "missing_lines": [495, 497, 499, 501, 503, 505], "excluded_lines": []}, "": {"executed_lines": [1, 2, 3, 4, 5, 6, 8, 9, 12, 13, 21, 22, 23, 28, 29, 32, 33, 35, 39, 40, 86, 104, 105, 108, 110, 114, 120, 121, 174, 175, 198, 199, 205, 223, 224, 227, 229, 233, 239, 240, 275, 276, 283, 284, 287, 289, 367, 368, 371, 373, 491], "summary": {"covered_lines": 46, "num_statements": 48, "percent_covered": 95.83333333333333, "percent_covered_display": "96", "missing_lines": 2, "excluded_lines": 0}, "missing_lines": [24, 25], "excluded_lines": []}}, "classes": {"AccountViewSet": {"executed_lines": [37], "summary": {"covered_lines": 1, "num_statements": 32, "percent_covered": 3.125, "percent_covered_display": "3", "missing_lines": 31, "excluded_lines": 0}, "missing_lines": [42, 43, 44, 47, 48, 49, 52, 53, 57, 63, 64, 65, 66, 68, 70, 83, 84, 88, 89, 90, 91, 92, 93, 94, 95, 96, 97, 98, 99, 100, 101], "excluded_lines": []}, "ExpenseViewSet": {"executed_lines": [112, 116, 117, 118], "summary": {"covered_lines": 4, "num_statements": 63, "percent_covered": 6.349206349206349, "percent_covered_display": "6", "missing_lines": 59, "excluded_lines": 0}, "missing_lines": [123, 125, 126, 129, 130, 131, 134, 135, 136, 137, 138, 140, 141, 142, 143, 151, 152, 153, 154, 155, 156, 157, 163, 171, 172, 177, 178, 180, 182, 183, 184, 185, 186, 187, 188, 189, 190, 191, 192, 193, 195, 196, 201, 202, 203, 207, 208, 209, 210, 211, 212, 213, 214, 215, 216, 217, 218, 219, 220], "excluded_lines": []}, "IncomeViewSet": {"executed_lines": [231, 235, 237], "summary": {"covered_lines": 3, "num_statements": 23, "percent_covered": 13.043478260869565, "percent_covered_display": "13", "missing_lines": 20, "excluded_lines": 0}, "missing_lines": [236, 242, 244, 245, 248, 249, 250, 253, 254, 255, 256, 257, 258, 259, 265, 272, 273, 278, 279, 280], "excluded_lines": []}, "FinancialReportAPIView": {"executed_lines": [291, 292, 294, 298, 299, 302, 303, 304, 320, 321, 322, 338, 351, 354, 355, 360], "summary": {"covered_lines": 16, "num_statements": 49, "percent_covered": 32.6530612244898, "percent_covered_display": "33", "missing_lines": 33, "excluded_lines": 0}, "missing_lines": [295, 305, 306, 307, 308, 309, 310, 311, 312, 314, 315, 316, 317, 323, 324, 325, 326, 327, 328, 329, 330, 332, 333, 334, 335, 339, 340, 341, 342, 344, 356, 357, 358], "excluded_lines": []}, "AIInsightsAPIView": {"executed_lines": [375, 377, 382, 383, 384, 385, 393, 402, 403, 404, 429, 430, 431, 456, 457, 458, 461, 462, 479, 486, 488, 489, 493, 494, 496, 498, 500, 502, 504, 506], "summary": {"covered_lines": 30, "num_statements": 66, "percent_covered": 45.45454545454545, "percent_covered_display": "45", "missing_lines": 36, "excluded_lines": 0}, "missing_lines": [378, 407, 408, 410, 411, 412, 413, 415, 417, 434, 435, 436, 437, 439, 440, 441, 442, 443, 451, 453, 459, 465, 466, 467, 469, 476, 480, 481, 482, 484, 495, 497, 499, 501, 503, 505], "excluded_lines": []}, "": {"executed_lines": [1, 2, 3, 4, 5, 6, 8, 9, 12, 13, 21, 22, 23, 28, 29, 32, 33, 35, 39, 40, 86, 104, 105, 108, 110, 114, 120, 121, 174, 175, 198, 199, 205, 223, 224, 227, 229, 233, 239, 240, 275, 276, 283, 284, 287, 289, 367, 368, 371, 373, 491], "summary": {"covered_lines": 46, "num_statements": 48, "percent_covered": 95.83333333333333, "percent_covered_display": "96", "missing_lines": 2, "excluded_lines": 0}, "missing_lines": [24, 25], "excluded_lines": []}}}, "exp_tracker\\apps.py": {"executed_lines": [1, 4, 5, 6], "summary": {"covered_lines": 4, "num_statements": 4, "percent_covered": 100.0, "percent_covered_display": "100", "missing_lines": 0, "excluded_lines": 0}, "missing_lines": [], "excluded_lines": [], "functions": {"": {"executed_lines": [1, 4, 5, 6], "summary": {"covered_lines": 4, "num_statements": 4, "percent_covered": 100.0, "percent_covered_display": "100", "missing_lines": 0, "excluded_lines": 0}, "missing_lines": [], "excluded_lines": []}}, "classes": {"ExpTrackerConfig": {"executed_lines": [], "summary": {"covered_lines": 0, "num_statements": 0, "percent_covered": 100.0, "percent_covered_display": "100", "missing_lines": 0, "excluded_lines": 0}, "missing_lines": [], "excluded_lines": []}, "": {"executed_lines": [1, 4, 5, 6], "summary": {"covered_lines": 4, "num_statements": 4, "percent_covered": 100.0, "percent_covered_display": "100", "missing_lines": 0, "excluded_lines": 0}, "missing_lines": [], "excluded_lines": []}}}, "exp_tracker\\forms.py": {"executed_lines": [1, 2, 3, 5, 6, 8, 9, 10, 11, 20, 37, 38, 40, 41, 42, 43, 52], "summary": {"covered_lines": 17, "num_statements": 31, "percent_covered": 54.83870967741935, "percent_covered_display": "55", "missing_lines": 14, "excluded_lines": 0}, "missing_lines": [21, 22, 24, 28, 30, 31, 32, 53, 54, 56, 60, 62, 63, 64], "excluded_lines": [], "functions": {"ExpenseForm.Meta.clean": {"executed_lines": [], "summary": {"covered_lines": 0, "num_statements": 7, "percent_covered": 0.0, "percent_covered_display": "0", "missing_lines": 7, "excluded_lines": 0}, "missing_lines": [21, 22, 24, 28, 30, 31, 32], "excluded_lines": []}, "IncomeForm.Meta.clean": {"executed_lines": [], "summary": {"covered_lines": 0, "num_statements": 7, "percent_covered": 0.0, "percent_covered_display": "0", "missing_lines": 7, "excluded_lines": 0}, "missing_lines": [53, 54, 56, 60, 62, 63, 64], "excluded_lines": []}, "": {"executed_lines": [1, 2, 3, 5, 6, 8, 9, 10, 11, 20, 37, 38, 40, 41, 42, 43, 52], "summary": {"covered_lines": 17, "num_statements": 17, "percent_covered": 100.0, "percent_covered_display": "100", "missing_lines": 0, "excluded_lines": 0}, "missing_lines": [], "excluded_lines": []}}, "classes": {"ExpenseForm": {"executed_lines": [], "summary": {"covered_lines": 0, "num_statements": 0, "percent_covered": 100.0, "percent_covered_display": "100", "missing_lines": 0, "excluded_lines": 0}, "missing_lines": [], "excluded_lines": []}, "ExpenseForm.Meta": {"executed_lines": [], "summary": {"covered_lines": 0, "num_statements": 7, "percent_covered": 0.0, "percent_covered_display": "0", "missing_lines": 7, "excluded_lines": 0}, "missing_lines": [21, 22, 24, 28, 30, 31, 32], "excluded_lines": []}, "IncomeForm": {"executed_lines": [], "summary": {"covered_lines": 0, "num_statements": 0, "percent_covered": 100.0, "percent_covered_display": "100", "missing_lines": 0, "excluded_lines": 0}, "missing_lines": [], "excluded_lines": []}, "IncomeForm.Meta": {"executed_lines": [], "summary": {"covered_lines": 0, "num_statements": 7, "percent_covered": 0.0, "percent_covered_display": "0", "missing_lines": 7, "excluded_lines": 0}, "missing_lines": [53, 54, 56, 60, 62, 63, 64], "excluded_lines": []}, "": {"executed_lines": [1, 2, 3, 5, 6, 8, 9, 10, 11, 20, 37, 38, 40, 41, 42, 43, 52], "summary": {"covered_lines": 17, "num_statements": 17, "percent_covered": 100.0, "percent_covered_display": "100", "missing_lines": 0, "excluded_lines": 0}, "missing_lines": [], "excluded_lines": []}}}, "exp_tracker\\ml_models.py": {"executed_lines": [1, 2, 3, 4, 5, 6, 7, 8, 9, 10, 11, 14, 15, 19, 20, 21, 22, 23, 24, 26, 52, 95, 99, 101, 102, 103, 104, 105, 106, 107, 119, 120, 123, 124, 127, 128, 129, 130, 131, 139, 140, 141, 142, 147, 148, 151, 154, 155, 157, 167, 171, 172, 174, 175, 215, 219, 220, 222, 225, 228, 229, 230, 233, 234, 237, 241, 244, 247, 248, 249, 251, 252, 254, 269, 275], "summary": {"covered_lines": 74, "num_statements": 133, "percent_covered": 55.6390977443609, "percent_covered_display": "56", "missing_lines": 59, "excluded_lines": 0}, "missing_lines": [30, 33, 34, 35, 36, 37, 40, 41, 44, 47, 48, 50, 56, 57, 59, 60, 63, 68, 69, 72, 73, 76, 77, 78, 81, 82, 83, 85, 92, 93, 109, 112, 113, 114, 116, 143, 145, 164, 165, 178, 181, 182, 183, 186, 189, 193, 196, 197, 199, 200, 201, 208, 210, 212, 213, 223, 242, 271, 272], "excluded_lines": [], "functions": {"FinanceMLPredictor.__init__": {"executed_lines": [20, 21, 22, 23, 24], "summary": {"covered_lines": 5, "num_statements": 5, "percent_covered": 100.0, "percent_covered_display": "100", "missing_lines": 0, "excluded_lines": 0}, "missing_lines": [], "excluded_lines": []}, "FinanceMLPredictor.prepare_expense_data": {"executed_lines": [], "summary": {"covered_lines": 0, "num_statements": 12, "percent_covered": 0.0, "percent_covered_display": "0", "missing_lines": 12, "excluded_lines": 0}, "missing_lines": [30, 33, 34, 35, 36, 37, 40, 41, 44, 47, 48, 50], "excluded_lines": []}, "FinanceMLPredictor.train_expense_predictor": {"executed_lines": [], "summary": {"covered_lines": 0, "num_statements": 18, "percent_covered": 0.0, "percent_covered_display": "0", "missing_lines": 18, "excluded_lines": 0}, "missing_lines": [56, 57, 59, 60, 63, 68, 69, 72, 73, 76, 77, 78, 81, 82, 83, 85, 92, 93], "excluded_lines": []}, "FinanceMLPredictor.predict_next_month_expenses": {"executed_lines": [99, 101, 102, 103, 104, 105, 106, 107, 119, 120, 123, 124, 127, 128, 129, 130, 131, 139, 140, 141, 142, 147, 148, 151, 154, 155, 157], "summary": {"covered_lines": 27, "num_statements": 36, "percent_covered": 75.0, "percent_covered_display": "75", "missing_lines": 9, "excluded_lines": 0}, "missing_lines": [109, 112, 113, 114, 116, 143, 145, 164, 165], "excluded_lines": []}, "FinanceMLPredictor.detect_anomalies": {"executed_lines": [171, 172, 174, 175], "summary": {"covered_lines": 4, "num_statements": 20, "percent_covered": 20.0, "percent_covered_display": "20", "missing_lines": 16, "excluded_lines": 0}, "missing_lines": [178, 181, 182, 183, 186, 189, 193, 196, 197, 199, 200, 201, 208, 210, 212, 213], "excluded_lines": []}, "FinanceMLPredictor.analyze_spending_patterns": {"executed_lines": [219, 220, 222, 225, 228, 229, 230, 233, 234, 237, 241, 244, 247, 248, 249, 251, 252, 254, 269], "summary": {"covered_lines": 19, "num_statements": 23, "percent_covered": 82.6086956521739, "percent_covered_display": "83", "missing_lines": 4, "excluded_lines": 0}, "missing_lines": [223, 242, 271, 272], "excluded_lines": []}, "": {"executed_lines": [1, 2, 3, 4, 5, 6, 7, 8, 9, 10, 11, 14, 15, 19, 26, 52, 95, 167, 215, 275], "summary": {"covered_lines": 19, "num_statements": 19, "percent_covered": 100.0, "percent_covered_display": "100", "missing_lines": 0, "excluded_lines": 0}, "missing_lines": [], "excluded_lines": []}}, "classes": {"FinanceMLPredictor": {"executed_lines": [20, 21, 22, 23, 24, 99, 101, 102, 103, 104, 105, 106, 107, 119, 120, 123, 124, 127, 128, 129, 130, 131, 139, 140, 141, 142, 147, 148, 151, 154, 155, 157, 171, 172, 174, 175, 219, 220, 222, 225, 228, 229, 230, 233, 234, 237, 241, 244, 247, 248, 249, 251, 252, 254, 269], "summary": {"covered_lines": 55, "num_statements": 114, "percent_covered": 48.24561403508772, "percent_covered_display": "48", "missing_lines": 59, "excluded_lines": 0}, "missing_lines": [30, 33, 34, 35, 36, 37, 40, 41, 44, 47, 48, 50, 56, 57, 59, 60, 63, 68, 69, 72, 73, 76, 77, 78, 81, 82, 83, 85, 92, 93, 109, 112, 113, 114, 116, 143, 145, 164, 165, 178, 181, 182, 183, 186, 189, 193, 196, 197, 199, 200, 201, 208, 210, 212, 213, 223, 242, 271, 272], "excluded_lines": []}, "": {"executed_lines": [1, 2, 3, 4, 5, 6, 7, 8, 9, 10, 11, 14, 15, 19, 26, 52, 95, 167, 215, 275], "summary": {"covered_lines": 19, "num_statements": 19, "percent_covered": 100.0, "percent_covered_display": "100", "missing_lines": 0, "excluded_lines": 0}, "missing_lines": [], "excluded_lines": []}}}, "exp_tracker\\models.py": {"executed_lines": [1, 2, 3, 6, 7, 8, 9, 10, 11, 12, 13, 15, 16, 17, 18, 19, 20, 21, 22, 23, 25, 26, 27, 28, 30, 31, 32, 35, 36, 37, 38, 45, 46, 47, 48, 49, 50, 51, 52, 53, 55, 56, 58, 60], "summary": {"covered_lines": 44, "num_statements": 55, "percent_covered": 80.0, "percent_covered_display": "80", "missing_lines": 11, "excluded_lines": 0}, "missing_lines": [33, 40, 57, 61, 62, 63, 65, 66, 67, 68, 70], "excluded_lines": [], "functions": {"Expense.save": {"executed_lines": [26, 27, 28], "summary": {"covered_lines": 3, "num_statements": 3, "percent_covered": 100.0, "percent_covered_display": "100", "missing_lines": 0, "excluded_lines": 0}, "missing_lines": [], "excluded_lines": []}, "Expense.calculate_monthly_expenses": {"executed_lines": [31, 32, 35, 36, 37, 38], "summary": {"covered_lines": 6, "num_statements": 8, "percent_covered": 75.0, "percent_covered_display": "75", "missing_lines": 2, "excluded_lines": 0}, "missing_lines": [33, 40], "excluded_lines": []}, "Income.save": {"executed_lines": [56, 58], "summary": {"covered_lines": 2, "num_statements": 3, "percent_covered": 66.66666666666667, "percent_covered_display": "67", "missing_lines": 1, "excluded_lines": 0}, "missing_lines": [57], "excluded_lines": []}, "Income.calculate_monthly_incomes": {"executed_lines": [], "summary": {"covered_lines": 0, "num_statements": 8, "percent_covered": 0.0, "percent_covered_display": "0", "missing_lines": 8, "excluded_lines": 0}, "missing_lines": [61, 62, 63, 65, 66, 67, 68, 70], "excluded_lines": []}, "": {"executed_lines": [1, 2, 3, 6, 7, 8, 9, 10, 11, 12, 13, 15, 16, 17, 18, 19, 20, 21, 22, 23, 25, 30, 45, 46, 47, 48, 49, 50, 51, 52, 53, 55, 60], "summary": {"covered_lines": 33, "num_statements": 33, "percent_covered": 100.0, "percent_covered_display": "100", "missing_lines": 0, "excluded_lines": 0}, "missing_lines": [], "excluded_lines": []}}, "classes": {"Account": {"executed_lines": [], "summary": {"covered_lines": 0, "num_statements": 0, "percent_covered": 100.0, "percent_covered_display": "100", "missing_lines": 0, "excluded_lines": 0}, "missing_lines": [], "excluded_lines": []}, "Expense": {"executed_lines": [26, 27, 28, 31, 32, 35, 36, 37, 38], "summary": {"covered_lines": 9, "num_statements": 11, "percent_covered": 81.81818181818181, "percent_covered_display": "82", "missing_lines": 2, "excluded_lines": 0}, "missing_lines": [33, 40], "excluded_lines": []}, "Income": {"executed_lines": [56, 58], "summary": {"covered_lines": 2, "num_statements": 11, "percent_covered": 18.181818181818183, "percent_covered_display": "18", "missing_lines": 9, "excluded_lines": 0}, "missing_lines": [57, 61, 62, 63, 65, 66, 67, 68, 70], "excluded_lines": []}, "": {"executed_lines": [1, 2, 3, 6, 7, 8, 9, 10, 11, 12, 13, 15, 16, 17, 18, 19, 20, 21, 22, 23, 25, 30, 45, 46, 47, 48, 49, 50, 51, 52, 53, 55, 60], "summary": {"covered_lines": 33, "num_statements": 33, "percent_covered": 100.0, "percent_covered_display": "100", "missing_lines": 0, "excluded_lines": 0}, "missing_lines": [], "excluded_lines": []}}}, "exp_tracker\\serializers.py": {"executed_lines": [1, 2, 3, 4, 7, 8, 9, 10, 11, 12, 15, 16, 17, 18, 19, 20, 22, 23, 24, 26, 28, 30, 32, 34, 36, 38, 41, 42, 43, 44, 45, 46, 48, 49, 50, 53, 55, 57, 58, 60, 62, 64, 66, 68, 70, 72, 74, 76, 78, 80, 83, 86, 87, 88, 89, 90, 92, 93, 94, 97, 99, 105, 113, 114, 115, 116, 117, 119, 121, 122, 125, 126, 128, 131, 132, 133, 134, 135, 137, 149, 150, 151, 152, 153, 154, 155, 156, 157, 158, 159, 160, 163, 164, 165, 166, 167, 168, 169, 170, 173, 174, 175, 176, 177, 178, 179, 180, 183, 184, 185, 186, 187, 188, 191, 192, 193, 194, 195, 196, 197, 200, 201, 202, 203, 204, 205], "summary": {"covered_lines": 114, "num_statements": 135, "percent_covered": 84.44444444444444, "percent_covered_display": "84", "missing_lines": 21, "excluded_lines": 0}, "missing_lines": [59, 61, 63, 65, 67, 69, 75, 81, 82, 101, 102, 103, 107, 108, 109, 110, 139, 140, 143, 144, 146], "excluded_lines": [], "functions": {"AccountSerializer.get_total_expenses": {"executed_lines": [30], "summary": {"covered_lines": 1, "num_statements": 1, "percent_covered": 100.0, "percent_covered_display": "100", "missing_lines": 0, "excluded_lines": 0}, "missing_lines": [], "excluded_lines": []}, "AccountSerializer.get_total_incomes": {"executed_lines": [34], "summary": {"covered_lines": 1, "num_statements": 1, "percent_covered": 100.0, "percent_covered_display": "100", "missing_lines": 0, "excluded_lines": 0}, "missing_lines": [], "excluded_lines": []}, "AccountSerializer.get_balance": {"executed_lines": [38], "summary": {"covered_lines": 1, "num_statements": 1, "percent_covered": 100.0, "percent_covered_display": "100", "missing_lines": 0, "excluded_lines": 0}, "missing_lines": [], "excluded_lines": []}, "ExpenseSerializer.get_category": {"executed_lines": [57, 58, 60, 62, 64, 66, 68, 70], "summary": {"covered_lines": 8, "num_statements": 14, "percent_covered": 57.142857142857146, "percent_covered_display": "57", "missing_lines": 6, "excluded_lines": 0}, "missing_lines": [59, 61, 63, 65, 67, 69], "excluded_lines": []}, "ExpenseSerializer.get_monthly_expenses_display": {"executed_lines": [74, 76], "summary": {"covered_lines": 2, "num_statements": 3, "percent_covered": 66.66666666666667, "percent_covered_display": "67", "missing_lines": 1, "excluded_lines": 0}, "missing_lines": [75], "excluded_lines": []}, "ExpenseSerializer.get_days_remaining": {"executed_lines": [80, 83], "summary": {"covered_lines": 2, "num_statements": 4, "percent_covered": 50.0, "percent_covered_display": "50", "missing_lines": 2, "excluded_lines": 0}, "missing_lines": [81, 82], "excluded_lines": []}, "IncomeSerializer.get_monthly_incomes_display": {"executed_lines": [], "summary": {"covered_lines": 0, "num_statements": 3, "percent_covered": 0.0, "percent_covered_display": "0", "missing_lines": 3, "excluded_lines": 0}, "missing_lines": [101, 102, 103], "excluded_lines": []}, "IncomeSerializer.get_days_remaining": {"executed_lines": [], "summary": {"covered_lines": 0, "num_statements": 4, "percent_covered": 0.0, "percent_covered_display": "0", "missing_lines": 4, "excluded_lines": 0}, "missing_lines": [107, 108, 109, 110], "excluded_lines": []}, "ExpenseCreateSerializer.create": {"executed_lines": [121, 122, 125, 126, 128], "summary": {"covered_lines": 5, "num_statements": 5, "percent_covered": 100.0, "percent_covered_display": "100", "missing_lines": 0, "excluded_lines": 0}, "missing_lines": [], "excluded_lines": []}, "IncomeCreateSerializer.create": {"executed_lines": [], "summary": {"covered_lines": 0, "num_statements": 5, "percent_covered": 0.0, "percent_covered_display": "0", "missing_lines": 5, "excluded_lines": 0}, "missing_lines": [139, 140, 143, 144, 146], "excluded_lines": []}, "": {"executed_lines": [1, 2, 3, 4, 7, 8, 9, 10, 11, 12, 15, 16, 17, 18, 19, 20, 22, 23, 24, 26, 28, 32, 36, 41, 42, 43, 44, 45, 46, 48, 49, 50, 53, 55, 72, 78, 86, 87, 88, 89, 90, 92, 93, 94, 97, 99, 105, 113, 114, 115, 116, 117, 119, 131, 132, 133, 134, 135, 137, 149, 150, 151, 152, 153, 154, 155, 156, 157, 158, 159, 160, 163, 164, 165, 166, 167, 168, 169, 170, 173, 174, 175, 176, 177, 178, 179, 180, 183, 184, 185, 186, 187, 188, 191, 192, 193, 194, 195, 196, 197, 200, 201, 202, 203, 204, 205], "summary": {"covered_lines": 94, "num_statements": 94, "percent_covered": 100.0, "percent_covered_display": "100", "missing_lines": 0, "excluded_lines": 0}, "missing_lines": [], "excluded_lines": []}}, "classes": {"UserSerializer": {"executed_lines": [], "summary": {"covered_lines": 0, "num_statements": 0, "percent_covered": 100.0, "percent_covered_display": "100", "missing_lines": 0, "excluded_lines": 0}, "missing_lines": [], "excluded_lines": []}, "UserSerializer.Meta": {"executed_lines": [], "summary": {"covered_lines": 0, "num_statements": 0, "percent_covered": 100.0, "percent_covered_display": "100", "missing_lines": 0, "excluded_lines": 0}, "missing_lines": [], "excluded_lines": []}, "AccountSerializer": {"executed_lines": [30, 34, 38], "summary": {"covered_lines": 3, "num_statements": 3, "percent_covered": 100.0, "percent_covered_display": "100", "missing_lines": 0, "excluded_lines": 0}, "missing_lines": [], "excluded_lines": []}, "AccountSerializer.Meta": {"executed_lines": [], "summary": {"covered_lines": 0, "num_statements": 0, "percent_covered": 100.0, "percent_covered_display": "100", "missing_lines": 0, "excluded_lines": 0}, "missing_lines": [], "excluded_lines": []}, "ExpenseSerializer": {"executed_lines": [57, 58, 60, 62, 64, 66, 68, 70, 74, 76, 80, 83], "summary": {"covered_lines": 12, "num_statements": 21, "percent_covered": 57.142857142857146, "percent_covered_display": "57", "missing_lines": 9, "excluded_lines": 0}, "missing_lines": [59, 61, 63, 65, 67, 69, 75, 81, 82], "excluded_lines": []}, "ExpenseSerializer.Meta": {"executed_lines": [], "summary": {"covered_lines": 0, "num_statements": 0, "percent_covered": 100.0, "percent_covered_display": "100", "missing_lines": 0, "excluded_lines": 0}, "missing_lines": [], "excluded_lines": []}, "IncomeSerializer": {"executed_lines": [], "summary": {"covered_lines": 0, "num_statements": 7, "percent_covered": 0.0, "percent_covered_display": "0", "missing_lines": 7, "excluded_lines": 0}, "missing_lines": [101, 102, 103, 107, 108, 109, 110], "excluded_lines": []}, "IncomeSerializer.Meta": {"executed_lines": [], "summary": {"covered_lines": 0, "num_statements": 0, "percent_covered": 100.0, "percent_covered_display": "100", "missing_lines": 0, "excluded_lines": 0}, "missing_lines": [], "excluded_lines": []}, "ExpenseCreateSerializer": {"executed_lines": [121, 122, 125, 126, 128], "summary": {"covered_lines": 5, "num_statements": 5, "percent_covered": 100.0, "percent_covered_display": "100", "missing_lines": 0, "excluded_lines": 0}, "missing_lines": [], "excluded_lines": []}, "ExpenseCreateSerializer.Meta": {"executed_lines": [], "summary": {"covered_lines": 0, "num_statements": 0, "percent_covered": 100.0, "percent_covered_display": "100", "missing_lines": 0, "excluded_lines": 0}, "missing_lines": [], "excluded_lines": []}, "IncomeCreateSerializer": {"executed_lines": [], "summary": {"covered_lines": 0, "num_statements": 5, "percent_covered": 0.0, "percent_covered_display": "0", "missing_lines": 5, "excluded_lines": 0}, "missing_lines": [139, 140, 143, 144, 146], "excluded_lines": []}, "IncomeCreateSerializer.Meta": {"executed_lines": [], "summary": {"covered_lines": 0, "num_statements": 0, "percent_covered": 100.0, "percent_covered_display": "100", "missing_lines": 0, "excluded_lines": 0}, "missing_lines": [], "excluded_lines": []}, "FinancialStatsSerializer": {"executed_lines": [], "summary": {"covered_lines": 0, "num_statements": 0, "percent_covered": 100.0, "percent_covered_display": "100", "missing_lines": 0, "excluded_lines": 0}, "missing_lines": [], "excluded_lines": []}, "MonthlyDataSerializer": {"executed_lines": [], "summary": {"covered_lines": 0, "num_statements": 0, "percent_covered": 100.0, "percent_covered_display": "100", "missing_lines": 0, "excluded_lines": 0}, "missing_lines": [], "excluded_lines": []}, "AIInsightSerializer": {"executed_lines": [], "summary": {"covered_lines": 0, "num_statements": 0, "percent_covered": 100.0, "percent_covered_display": "100", "missing_lines": 0, "excluded_lines": 0}, "missing_lines": [], "excluded_lines": []}, "CategoryBreakdownSerializer": {"executed_lines": [], "summary": {"covered_lines": 0, "num_statements": 0, "percent_covered": 100.0, "percent_covered_display": "100", "missing_lines": 0, "excluded_lines": 0}, "missing_lines": [], "excluded_lines": []}, "ExpenseSummarySerializer": {"executed_lines": [], "summary": {"covered_lines": 0, "num_statements": 0, "percent_covered": 100.0, "percent_covered_display": "100", "missing_lines": 0, "excluded_lines": 0}, "missing_lines": [], "excluded_lines": []}, "IncomeSummarySerializer": {"executed_lines": [], "summary": {"covered_lines": 0, "num_statements": 0, "percent_covered": 100.0, "percent_covered_display": "100", "missing_lines": 0, "excluded_lines": 0}, "missing_lines": [], "excluded_lines": []}, "": {"executed_lines": [1, 2, 3, 4, 7, 8, 9, 10, 11, 12, 15, 16, 17, 18, 19, 20, 22, 23, 24, 26, 28, 32, 36, 41, 42, 43, 44, 45, 46, 48, 49, 50, 53, 55, 72, 78, 86, 87, 88, 89, 90, 92, 93, 94, 97, 99, 105, 113, 114, 115, 116, 117, 119, 131, 132, 133, 134, 135, 137, 149, 150, 151, 152, 153, 154, 155, 156, 157, 158, 159, 160, 163, 164, 165, 166, 167, 168, 169, 170, 173, 174, 175, 176, 177, 178, 179, 180, 183, 184, 185, 186, 187, 188, 191, 192, 193, 194, 195, 196, 197, 200, 201, 202, 203, 204, 205], "summary": {"covered_lines": 94, "num_statements": 94, "percent_covered": 100.0, "percent_covered_display": "100", "missing_lines": 0, "excluded_lines": 0}, "missing_lines": [], "excluded_lines": []}}}, "exp_tracker\\templatetags\\__init__.py": {"executed_lines": [0], "summary": {"covered_lines": 0, "num_statements": 0, "percent_covered": 100.0, "percent_covered_display": "100", "missing_lines": 0, "excluded_lines": 0}, "missing_lines": [], "excluded_lines": [], "functions": {"": {"executed_lines": [], "summary": {"covered_lines": 0, "num_statements": 0, "percent_covered": 100.0, "percent_covered_display": "100", "missing_lines": 0, "excluded_lines": 0}, "missing_lines": [], "excluded_lines": []}}, "classes": {"": {"executed_lines": [], "summary": {"covered_lines": 0, "num_statements": 0, "percent_covered": 100.0, "percent_covered_display": "100", "missing_lines": 0, "excluded_lines": 0}, "missing_lines": [], "excluded_lines": []}}}, "exp_tracker\\templatetags\\custom_filters.py": {"executed_lines": [1, 3, 5, 6, 7], "summary": {"covered_lines": 5, "num_statements": 5, "percent_covered": 100.0, "percent_covered_display": "100", "missing_lines": 0, "excluded_lines": 0}, "missing_lines": [], "excluded_lines": [], "functions": {"get_item": {"executed_lines": [7], "summary": {"covered_lines": 1, "num_statements": 1, "percent_covered": 100.0, "percent_covered_display": "100", "missing_lines": 0, "excluded_lines": 0}, "missing_lines": [], "excluded_lines": []}, "": {"executed_lines": [1, 3, 5, 6], "summary": {"covered_lines": 4, "num_statements": 4, "percent_covered": 100.0, "percent_covered_display": "100", "missing_lines": 0, "excluded_lines": 0}, "missing_lines": [], "excluded_lines": []}}, "classes": {"": {"executed_lines": [1, 3, 5, 6, 7], "summary": {"covered_lines": 5, "num_statements": 5, "percent_covered": 100.0, "percent_covered_display": "100", "missing_lines": 0, "excluded_lines": 0}, "missing_lines": [], "excluded_lines": []}}}, "exp_tracker\\tests.py": {"executed_lines": [1, 2, 3, 4, 5, 6, 8, 9, 11, 12, 14, 16, 17, 22, 30, 31, 33, 35, 42, 43, 44, 46, 48, 55, 56, 57, 59, 61, 68, 69, 70, 72, 74, 75, 84, 85, 86, 88, 89, 91, 93, 94, 95, 97, 100, 108, 109, 110, 111, 113, 116, 124, 125, 126, 127, 129, 131, 132, 133, 134, 136, 138, 139, 140, 141, 143, 144, 146, 148, 154, 155, 157, 159, 165, 166, 168, 170, 176, 177, 179, 180, 182, 183, 184, 186, 188, 189, 191, 193, 194, 196, 198, 199, 201, 203, 209, 214, 216, 218, 219, 221, 224, 227, 228, 230, 231, 233, 235, 236, 237, 239, 241, 242, 244, 247, 248, 251, 252, 253, 255, 256, 258, 261, 265, 271, 274, 275, 277, 279, 282, 289, 290, 297, 299, 300, 302, 305, 306, 314, 315, 316, 319, 320, 322, 325, 326, 327, 335, 336, 337], "summary": {"covered_lines": 142, "num_statements": 142, "percent_covered": 100.0, "percent_covered_display": "100", "missing_lines": 0, "excluded_lines": 0}, "missing_lines": [], "excluded_lines": [], "functions": {"FinanceManagerTestCase.setUp": {"executed_lines": [16, 17, 22], "summary": {"covered_lines": 3, "num_statements": 3, "percent_covered": 100.0, "percent_covered_display": "100", "missing_lines": 0, "excluded_lines": 0}, "missing_lines": [], "excluded_lines": []}, "ModelTests.test_account_creation": {"executed_lines": [35, 42, 43, 44], "summary": {"covered_lines": 4, "num_statements": 4, "percent_covered": 100.0, "percent_covered_display": "100", "missing_lines": 0, "excluded_lines": 0}, "missing_lines": [], "excluded_lines": []}, "ModelTests.test_expense_creation": {"executed_lines": [48, 55, 56, 57], "summary": {"covered_lines": 4, "num_statements": 4, "percent_covered": 100.0, "percent_covered_display": "100", "missing_lines": 0, "excluded_lines": 0}, "missing_lines": [], "excluded_lines": []}, "ModelTests.test_income_creation": {"executed_lines": [61, 68, 69, 70], "summary": {"covered_lines": 4, "num_statements": 4, "percent_covered": 100.0, "percent_covered_display": "100", "missing_lines": 0, "excluded_lines": 0}, "missing_lines": [], "excluded_lines": []}, "ModelTests.test_long_term_expense_calculation": {"executed_lines": [74, 75, 84, 85, 86], "summary": {"covered_lines": 5, "num_statements": 5, "percent_covered": 100.0, "percent_covered_display": "100", "missing_lines": 0, "excluded_lines": 0}, "missing_lines": [], "excluded_lines": []}, "ViewTests.test_home_page": {"executed_lines": [93, 94, 95], "summary": {"covered_lines": 3, "num_statements": 3, "percent_covered": 100.0, "percent_covered_display": "100", "missing_lines": 0, "excluded_lines": 0}, "missing_lines": [], "excluded_lines": []}, "ViewTests.test_expense_list_view": {"executed_lines": [100, 108, 109, 110, 111], "summary": {"covered_lines": 5, "num_statements": 5, "percent_covered": 100.0, "percent_covered_display": "100", "missing_lines": 0, "excluded_lines": 0}, "missing_lines": [], "excluded_lines": []}, "ViewTests.test_income_list_view": {"executed_lines": [116, 124, 125, 126, 127], "summary": {"covered_lines": 5, "num_statements": 5, "percent_covered": 100.0, "percent_covered_display": "100", "missing_lines": 0, "excluded_lines": 0}, "missing_lines": [], "excluded_lines": []}, "ViewTests.test_report_view": {"executed_lines": [131, 132, 133, 134], "summary": {"covered_lines": 4, "num_statements": 4, "percent_covered": 100.0, "percent_covered_display": "100", "missing_lines": 0, "excluded_lines": 0}, "missing_lines": [], "excluded_lines": []}, "ViewTests.test_ai_insights_view": {"executed_lines": [138, 139, 140, 141], "summary": {"covered_lines": 4, "num_statements": 4, "percent_covered": 100.0, "percent_covered_display": "100", "missing_lines": 0, "excluded_lines": 0}, "missing_lines": [], "excluded_lines": []}, "FormTests.test_expense_form_valid": {"executed_lines": [148, 154, 155], "summary": {"covered_lines": 3, "num_statements": 3, "percent_covered": 100.0, "percent_covered_display": "100", "missing_lines": 0, "excluded_lines": 0}, "missing_lines": [], "excluded_lines": []}, "FormTests.test_expense_form_invalid": {"executed_lines": [159, 165, 166], "summary": {"covered_lines": 3, "num_statements": 3, "percent_covered": 100.0, "percent_covered_display": "100", "missing_lines": 0, "excluded_lines": 0}, "missing_lines": [], "excluded_lines": []}, "FormTests.test_income_form_valid": {"executed_lines": [170, 176, 177], "summary": {"covered_lines": 3, "num_statements": 3, "percent_covered": 100.0, "percent_covered_display": "100", "missing_lines": 0, "excluded_lines": 0}, "missing_lines": [], "excluded_lines": []}, "APITests.setUp": {"executed_lines": [183, 184], "summary": {"covered_lines": 2, "num_statements": 2, "percent_covered": 100.0, "percent_covered_display": "100", "missing_lines": 0, "excluded_lines": 0}, "missing_lines": [], "excluded_lines": []}, "APITests.test_api_accounts_list": {"executed_lines": [188, 189], "summary": {"covered_lines": 2, "num_statements": 2, "percent_covered": 100.0, "percent_covered_display": "100", "missing_lines": 0, "excluded_lines": 0}, "missing_lines": [], "excluded_lines": []}, "APITests.test_api_expenses_list": {"executed_lines": [193, 194], "summary": {"covered_lines": 2, "num_statements": 2, "percent_covered": 100.0, "percent_covered_display": "100", "missing_lines": 0, "excluded_lines": 0}, "missing_lines": [], "excluded_lines": []}, "APITests.test_api_incomes_list": {"executed_lines": [198, 199], "summary": {"covered_lines": 2, "num_statements": 2, "percent_covered": 100.0, "percent_covered_display": "100", "missing_lines": 0, "excluded_lines": 0}, "missing_lines": [], "excluded_lines": []}, "APITests.test_api_create_expense": {"executed_lines": [203, 209, 214], "summary": {"covered_lines": 3, "num_statements": 3, "percent_covered": 100.0, "percent_covered_display": "100", "missing_lines": 0, "excluded_lines": 0}, "missing_lines": [], "excluded_lines": []}, "APITests.test_api_financial_report": {"executed_lines": [218, 219], "summary": {"covered_lines": 2, "num_statements": 2, "percent_covered": 100.0, "percent_covered_display": "100", "missing_lines": 0, "excluded_lines": 0}, "missing_lines": [], "excluded_lines": []}, "APITests.test_api_ai_insights": {"executed_lines": [224, 227, 228], "summary": {"covered_lines": 3, "num_statements": 3, "percent_covered": 100.0, "percent_covered_display": "100", "missing_lines": 0, "excluded_lines": 0}, "missing_lines": [], "excluded_lines": []}, "AuthenticationTests.test_register_view": {"executed_lines": [235, 236, 237], "summary": {"covered_lines": 3, "num_statements": 3, "percent_covered": 100.0, "percent_covered_display": "100", "missing_lines": 0, "excluded_lines": 0}, "missing_lines": [], "excluded_lines": []}, "AuthenticationTests.test_login_view": {"executed_lines": [241, 242], "summary": {"covered_lines": 2, "num_statements": 2, "percent_covered": 100.0, "percent_covered_display": "100", "missing_lines": 0, "excluded_lines": 0}, "missing_lines": [], "excluded_lines": []}, "AuthenticationTests.test_protected_view_access": {"executed_lines": [247, 248, 251, 252, 253], "summary": {"covered_lines": 5, "num_statements": 5, "percent_covered": 100.0, "percent_covered_display": "100", "missing_lines": 0, "excluded_lines": 0}, "missing_lines": [], "excluded_lines": []}, "SecurityTests.test_csrf_protection": {"executed_lines": [261, 265, 271, 274, 275], "summary": {"covered_lines": 5, "num_statements": 5, "percent_covered": 100.0, "percent_covered_display": "100", "missing_lines": 0, "excluded_lines": 0}, "missing_lines": [], "excluded_lines": []}, "SecurityTests.test_sql_injection_protection": {"executed_lines": [279, 282, 289, 290, 297], "summary": {"covered_lines": 5, "num_statements": 5, "percent_covered": 100.0, "percent_covered_display": "100", "missing_lines": 0, "excluded_lines": 0}, "missing_lines": [], "excluded_lines": []}, "PerformanceTests.test_large_dataset_handling": {"executed_lines": [305, 306, 314, 315, 316, 319, 320], "summary": {"covered_lines": 7, "num_statements": 7, "percent_covered": 100.0, "percent_covered_display": "100", "missing_lines": 0, "excluded_lines": 0}, "missing_lines": [], "excluded_lines": []}, "PerformanceTests.test_database_query_optimization": {"executed_lines": [325, 326, 327, 335, 336, 337], "summary": {"covered_lines": 6, "num_statements": 6, "percent_covered": 100.0, "percent_covered_display": "100", "missing_lines": 0, "excluded_lines": 0}, "missing_lines": [], "excluded_lines": []}, "": {"executed_lines": [1, 2, 3, 4, 5, 6, 8, 9, 11, 12, 14, 30, 31, 33, 46, 59, 72, 88, 89, 91, 97, 113, 129, 136, 143, 144, 146, 157, 168, 179, 180, 182, 186, 191, 196, 201, 216, 221, 230, 231, 233, 239, 244, 255, 256, 258, 277, 299, 300, 302, 322], "summary": {"covered_lines": 43, "num_statements": 43, "percent_covered": 100.0, "percent_covered_display": "100", "missing_lines": 0, "excluded_lines": 0}, "missing_lines": [], "excluded_lines": []}}, "classes": {"FinanceManagerTestCase": {"executed_lines": [16, 17, 22], "summary": {"covered_lines": 3, "num_statements": 3, "percent_covered": 100.0, "percent_covered_display": "100", "missing_lines": 0, "excluded_lines": 0}, "missing_lines": [], "excluded_lines": []}, "ModelTests": {"executed_lines": [35, 42, 43, 44, 48, 55, 56, 57, 61, 68, 69, 70, 74, 75, 84, 85, 86], "summary": {"covered_lines": 17, "num_statements": 17, "percent_covered": 100.0, "percent_covered_display": "100", "missing_lines": 0, "excluded_lines": 0}, "missing_lines": [], "excluded_lines": []}, "ViewTests": {"executed_lines": [93, 94, 95, 100, 108, 109, 110, 111, 116, 124, 125, 126, 127, 131, 132, 133, 134, 138, 139, 140, 141], "summary": {"covered_lines": 21, "num_statements": 21, "percent_covered": 100.0, "percent_covered_display": "100", "missing_lines": 0, "excluded_lines": 0}, "missing_lines": [], "excluded_lines": []}, "FormTests": {"executed_lines": [148, 154, 155, 159, 165, 166, 170, 176, 177], "summary": {"covered_lines": 9, "num_statements": 9, "percent_covered": 100.0, "percent_covered_display": "100", "missing_lines": 0, "excluded_lines": 0}, "missing_lines": [], "excluded_lines": []}, "APITests": {"executed_lines": [183, 184, 188, 189, 193, 194, 198, 199, 203, 209, 214, 218, 219, 224, 227, 228], "summary": {"covered_lines": 16, "num_statements": 16, "percent_covered": 100.0, "percent_covered_display": "100", "missing_lines": 0, "excluded_lines": 0}, "missing_lines": [], "excluded_lines": []}, "AuthenticationTests": {"executed_lines": [235, 236, 237, 241, 242, 247, 248, 251, 252, 253], "summary": {"covered_lines": 10, "num_statements": 10, "percent_covered": 100.0, "percent_covered_display": "100", "missing_lines": 0, "excluded_lines": 0}, "missing_lines": [], "excluded_lines": []}, "SecurityTests": {"executed_lines": [261, 265, 271, 274, 275, 279, 282, 289, 290, 297], "summary": {"covered_lines": 10, "num_statements": 10, "percent_covered": 100.0, "percent_covered_display": "100", "missing_lines": 0, "excluded_lines": 0}, "missing_lines": [], "excluded_lines": []}, "PerformanceTests": {"executed_lines": [305, 306, 314, 315, 316, 319, 320, 325, 326, 327, 335, 336, 337], "summary": {"covered_lines": 13, "num_statements": 13, "percent_covered": 100.0, "percent_covered_display": "100", "missing_lines": 0, "excluded_lines": 0}, "missing_lines": [], "excluded_lines": []}, "": {"executed_lines": [1, 2, 3, 4, 5, 6, 8, 9, 11, 12, 14, 30, 31, 33, 46, 59, 72, 88, 89, 91, 97, 113, 129, 136, 143, 144, 146, 157, 168, 179, 180, 182, 186, 191, 196, 201, 216, 221, 230, 231, 233, 239, 244, 255, 256, 258, 277, 299, 300, 302, 322], "summary": {"covered_lines": 43, "num_statements": 43, "percent_covered": 100.0, "percent_covered_display": "100", "missing_lines": 0, "excluded_lines": 0}, "missing_lines": [], "excluded_lines": []}}}, "exp_tracker\\urls.py": {"executed_lines": [1, 2, 5], "summary": {"covered_lines": 3, "num_statements": 3, "percent_covered": 100.0, "percent_covered_display": "100", "missing_lines": 0, "excluded_lines": 0}, "missing_lines": [], "excluded_lines": [], "functions": {"": {"executed_lines": [1, 2, 5], "summary": {"covered_lines": 3, "num_statements": 3, "percent_covered": 100.0, "percent_covered_display": "100", "missing_lines": 0, "excluded_lines": 0}, "missing_lines": [], "excluded_lines": []}}, "classes": {"": {"executed_lines": [1, 2, 5], "summary": {"covered_lines": 3, "num_statements": 3, "percent_covered": 100.0, "percent_covered_display": "100", "missing_lines": 0, "excluded_lines": 0}, "missing_lines": [], "excluded_lines": []}}}, "exp_tracker\\views.py": {"executed_lines": [1, 4, 5, 6, 8, 9, 10, 12, 13, 14, 15, 16, 23, 24, 25, 29, 35, 36, 38, 39, 46, 47, 50, 52, 54, 57, 64, 81, 82, 84, 85, 91, 93, 95, 98, 105, 122, 123, 125, 126, 134, 135, 136, 137, 140, 156, 157, 158, 159, 161, 162, 165, 166, 167, 212, 213, 215, 220, 221, 225, 228, 229, 231, 236, 237, 239, 245, 246, 247, 248, 251, 267, 268, 269, 270, 272, 273, 276, 277, 278, 323, 324, 326, 331, 332, 336, 339, 340, 342, 347, 348, 350, 354, 371, 387, 402, 418, 419, 420, 421, 424, 425, 428, 429, 430, 446, 447, 448, 464, 477, 480, 481, 482, 483, 485, 492, 495, 503, 509, 517, 519, 520, 522, 525, 532, 539, 547, 572, 574, 575, 577, 579, 586, 602, 620, 621, 625, 627, 629, 630, 804, 805, 859, 860, 887, 888], "summary": {"covered_lines": 146, "num_statements": 453, "percent_covered": 32.22958057395144, "percent_covered_display": "32", "missing_lines": 307, "excluded_lines": 0}, "missing_lines": [26, 27, 28, 40, 41, 42, 43, 44, 141, 143, 152, 153, 154, 168, 169, 170, 171, 174, 175, 176, 187, 188, 189, 191, 193, 196, 197, 198, 207, 208, 209, 216, 217, 222, 252, 254, 263, 264, 265, 279, 280, 281, 282, 285, 286, 287, 298, 299, 300, 302, 304, 307, 308, 309, 318, 319, 320, 327, 328, 333, 355, 357, 358, 359, 360, 361, 363, 365, 372, 374, 375, 376, 377, 378, 380, 382, 388, 391, 392, 393, 396, 398, 403, 406, 407, 408, 411, 413, 431, 432, 433, 434, 435, 436, 437, 438, 440, 441, 442, 443, 449, 450, 451, 452, 453, 454, 455, 456, 458, 459, 460, 461, 465, 466, 467, 468, 470, 486, 487, 488, 489, 496, 497, 635, 636, 638, 639, 640, 641, 642, 643, 644, 645, 646, 647, 648, 649, 650, 652, 660, 669, 670, 671, 672, 675, 676, 679, 680, 681, 682, 683, 684, 685, 686, 687, 688, 689, 690, 691, 692, 693, 695, 697, 699, 713, 716, 717, 718, 719, 722, 723, 724, 725, 727, 728, 729, 730, 731, 732, 733, 734, 735, 736, 737, 738, 739, 740, 741, 742, 744, 752, 753, 755, 756, 759, 760, 761, 762, 764, 765, 766, 769, 770, 771, 773, 779, 781, 782, 785, 786, 787, 788, 789, 791, 792, 794, 795, 797, 799, 800, 809, 810, 812, 813, 818, 819, 821, 822, 823, 824, 825, 826, 827, 828, 829, 830, 831, 832, 833, 835, 842, 843, 845, 846, 848, 853, 854, 864, 865, 866, 867, 868, 870, 872, 873, 875, 881, 882, 892, 893, 895, 896, 901, 902, 904, 905, 906, 907, 908, 909, 910, 911, 912, 913, 914, 915, 916, 918, 925, 926, 929, 930, 931, 932, 934, 935, 936, 937, 938, 939, 940, 941, 942, 943, 944, 945, 946, 947, 948, 949, 951, 959, 961, 962, 964, 970, 971], "excluded_lines": [], "functions": {"home": {"executed_lines": [36], "summary": {"covered_lines": 1, "num_statements": 1, "percent_covered": 100.0, "percent_covered_display": "100", "missing_lines": 0, "excluded_lines": 0}, "missing_lines": [], "excluded_lines": []}, "register": {"executed_lines": [39, 46, 47], "summary": {"covered_lines": 3, "num_statements": 8, "percent_covered": 37.5, "percent_covered_display": "38", "missing_lines": 5, "excluded_lines": 0}, "missing_lines": [40, 41, 42, 43, 44], "excluded_lines": []}, "generate_graph": {"executed_lines": [52, 54, 57, 64, 81, 82, 84, 85], "summary": {"covered_lines": 8, "num_statements": 8, "percent_covered": 100.0, "percent_covered_display": "100", "missing_lines": 0, "excluded_lines": 0}, "missing_lines": [], "excluded_lines": []}, "income_generate_graph": {"executed_lines": [93, 95, 98, 105, 122, 123, 125, 126], "summary": {"covered_lines": 8, "num_statements": 8, "percent_covered": 100.0, "percent_covered_display": "100", "missing_lines": 0, "excluded_lines": 0}, "missing_lines": [], "excluded_lines": []}, "ExpenseListView.form_valid": {"executed_lines": [], "summary": {"covered_lines": 0, "num_statements": 5, "percent_covered": 0.0, "percent_covered_display": "0", "missing_lines": 5, "excluded_lines": 0}, "missing_lines": [141, 143, 152, 153, 154], "excluded_lines": []}, "ExpenseListView.get_context_data": {"executed_lines": [157, 158, 159, 161, 162, 165, 166, 167, 212, 213, 215, 220, 221, 225, 228, 229, 231, 236, 237, 239], "summary": {"covered_lines": 20, "num_statements": 41, "percent_covered": 48.78048780487805, "percent_covered_display": "49", "missing_lines": 21, "excluded_lines": 0}, "missing_lines": [168, 169, 170, 171, 174, 175, 176, 187, 188, 189, 191, 193, 196, 197, 198, 207, 208, 209, 216, 217, 222], "excluded_lines": []}, "IncomeListView.form_valid": {"executed_lines": [], "summary": {"covered_lines": 0, "num_statements": 5, "percent_covered": 0.0, "percent_covered_display": "0", "missing_lines": 5, "excluded_lines": 0}, "missing_lines": [252, 254, 263, 264, 265], "excluded_lines": []}, "IncomeListView.get_context_data": {"executed_lines": [268, 269, 270, 272, 273, 276, 277, 278, 323, 324, 326, 331, 332, 336, 339, 340, 342, 347, 348, 350], "summary": {"covered_lines": 20, "num_statements": 41, "percent_covered": 48.78048780487805, "percent_covered_display": "49", "missing_lines": 21, "excluded_lines": 0}, "missing_lines": [279, 280, 281, 282, 285, 286, 287, 298, 299, 300, 302, 304, 307, 308, 309, 318, 319, 320, 327, 328, 333], "excluded_lines": []}, "edit_expense": {"executed_lines": [], "summary": {"covered_lines": 0, "num_statements": 8, "percent_covered": 0.0, "percent_covered_display": "0", "missing_lines": 8, "excluded_lines": 0}, "missing_lines": [355, 357, 358, 359, 360, 361, 363, 365], "excluded_lines": []}, "edit_income": {"executed_lines": [], "summary": {"covered_lines": 0, "num_statements": 8, "percent_covered": 0.0, "percent_covered_display": "0", "missing_lines": 8, "excluded_lines": 0}, "missing_lines": [372, 374, 375, 376, 377, 378, 380, 382], "excluded_lines": []}, "delete_expense": {"executed_lines": [], "summary": {"covered_lines": 0, "num_statements": 6, "percent_covered": 0.0, "percent_covered_display": "0", "missing_lines": 6, "excluded_lines": 0}, "missing_lines": [388, 391, 392, 393, 396, 398], "excluded_lines": []}, "delete_income": {"executed_lines": [], "summary": {"covered_lines": 0, "num_statements": 6, "percent_covered": 0.0, "percent_covered_display": "0", "missing_lines": 6, "excluded_lines": 0}, "missing_lines": [403, 406, 407, 408, 411, 413], "excluded_lines": []}, "report": {"executed_lines": [420, 421, 424, 425, 428, 429, 430, 446, 447, 448, 464, 477, 480, 481, 482, 483, 485, 492, 495, 503, 509, 517], "summary": {"covered_lines": 22, "num_statements": 57, "percent_covered": 38.59649122807018, "percent_covered_display": "39", "missing_lines": 35, "excluded_lines": 0}, "missing_lines": [431, 432, 433, 434, 435, 436, 437, 438, 440, 441, 442, 443, 449, 450, 451, 452, 453, 454, 455, 456, 458, 459, 460, 461, 465, 466, 467, 468, 470, 486, 487, 488, 489, 496, 497], "excluded_lines": []}, "generate_monthly_comparison_chart": {"executed_lines": [520, 522, 525, 532, 539, 547, 572], "summary": {"covered_lines": 7, "num_statements": 7, "percent_covered": 100.0, "percent_covered_display": "100", "missing_lines": 0, "excluded_lines": 0}, "missing_lines": [], "excluded_lines": []}, "generate_profit_loss_chart": {"executed_lines": [575, 577, 579, 586, 602], "summary": {"covered_lines": 5, "num_statements": 5, "percent_covered": 100.0, "percent_covered_display": "100", "missing_lines": 0, "excluded_lines": 0}, "missing_lines": [], "excluded_lines": []}, "ai_insights": {"executed_lines": [625, 627, 629, 630], "summary": {"covered_lines": 4, "num_statements": 101, "percent_covered": 3.9603960396039604, "percent_covered_display": "4", "missing_lines": 97, "excluded_lines": 0}, "missing_lines": [635, 636, 638, 639, 640, 641, 642, 643, 644, 645, 646, 647, 648, 649, 650, 652, 660, 669, 670, 671, 672, 675, 676, 679, 680, 681, 682, 683, 684, 685, 686, 687, 688, 689, 690, 691, 692, 693, 695, 697, 699, 713, 716, 717, 718, 719, 722, 723, 724, 725, 727, 728, 729, 730, 731, 732, 733, 734, 735, 736, 737, 738, 739, 740, 741, 742, 744, 752, 753, 755, 756, 759, 760, 761, 762, 764, 765, 766, 769, 770, 771, 773, 779, 781, 782, 785, 786, 787, 788, 789, 791, 792, 794, 795, 797, 799, 800], "excluded_lines": []}, "train_ml_model": {"executed_lines": [], "summary": {"covered_lines": 0, "num_statements": 27, "percent_covered": 0.0, "percent_covered_display": "0", "missing_lines": 27, "excluded_lines": 0}, "missing_lines": [809, 810, 812, 813, 818, 819, 821, 822, 823, 824, 825, 826, 827, 828, 829, 830, 831, 832, 833, 835, 842, 843, 845, 846, 848, 853, 854], "excluded_lines": []}, "get_expense_prediction": {"executed_lines": [], "summary": {"covered_lines": 0, "num_statements": 11, "percent_covered": 0.0, "percent_covered_display": "0", "missing_lines": 11, "excluded_lines": 0}, "missing_lines": [864, 865, 866, 867, 868, 870, 872, 873, 875, 881, 882], "excluded_lines": []}, "get_anomalies": {"executed_lines": [], "summary": {"covered_lines": 0, "num_statements": 49, "percent_covered": 0.0, "percent_covered_display": "0", "missing_lines": 49, "excluded_lines": 0}, "missing_lines": [892, 893, 895, 896, 901, 902, 904, 905, 906, 907, 908, 909, 910, 911, 912, 913, 914, 915, 916, 918, 925, 926, 929, 930, 931, 932, 934, 935, 936, 937, 938, 939, 940, 941, 942, 943, 944, 945, 946, 947, 948, 949, 951, 959, 961, 962, 964, 970, 971], "excluded_lines": []}, "": {"executed_lines": [1, 4, 5, 6, 8, 9, 10, 12, 13, 14, 15, 16, 23, 24, 25, 29, 35, 38, 50, 91, 134, 135, 136, 137, 140, 156, 245, 246, 247, 248, 251, 267, 354, 371, 387, 402, 418, 419, 519, 574, 620, 621, 804, 805, 859, 860, 887, 888], "summary": {"covered_lines": 48, "num_statements": 51, "percent_covered": 94.11764705882354, "percent_covered_display": "94", "missing_lines": 3, "excluded_lines": 0}, "missing_lines": [26, 27, 28], "excluded_lines": []}}, "classes": {"ExpenseListView": {"executed_lines": [157, 158, 159, 161, 162, 165, 166, 167, 212, 213, 215, 220, 221, 225, 228, 229, 231, 236, 237, 239], "summary": {"covered_lines": 20, "num_statements": 46, "percent_covered": 43.47826086956522, "percent_covered_display": "43", "missing_lines": 26, "excluded_lines": 0}, "missing_lines": [141, 143, 152, 153, 154, 168, 169, 170, 171, 174, 175, 176, 187, 188, 189, 191, 193, 196, 197, 198, 207, 208, 209, 216, 217, 222], "excluded_lines": []}, "IncomeListView": {"executed_lines": [268, 269, 270, 272, 273, 276, 277, 278, 323, 324, 326, 331, 332, 336, 339, 340, 342, 347, 348, 350], "summary": {"covered_lines": 20, "num_statements": 46, "percent_covered": 43.47826086956522, "percent_covered_display": "43", "missing_lines": 26, "excluded_lines": 0}, "missing_lines": [252, 254, 263, 264, 265, 279, 280, 281, 282, 285, 286, 287, 298, 299, 300, 302, 304, 307, 308, 309, 318, 319, 320, 327, 328, 333], "excluded_lines": []}, "": {"executed_lines": [1, 4, 5, 6, 8, 9, 10, 12, 13, 14, 15, 16, 23, 24, 25, 29, 35, 36, 38, 39, 46, 47, 50, 52, 54, 57, 64, 81, 82, 84, 85, 91, 93, 95, 98, 105, 122, 123, 125, 126, 134, 135, 136, 137, 140, 156, 245, 246, 247, 248, 251, 267, 354, 371, 387, 402, 418, 419, 420, 421, 424, 425, 428, 429, 430, 446, 447, 448, 464, 477, 480, 481, 482, 483, 485, 492, 495, 503, 509, 517, 519, 520, 522, 525, 532, 539, 547, 572, 574, 575, 577, 579, 586, 602, 620, 621, 625, 627, 629, 630, 804, 805, 859, 860, 887, 888], "summary": {"covered_lines": 106, "num_statements": 361, "percent_covered": 29.36288088642659, "percent_covered_display": "29", "missing_lines": 255, "excluded_lines": 0}, "missing_lines": [26, 27, 28, 40, 41, 42, 43, 44, 355, 357, 358, 359, 360, 361, 363, 365, 372, 374, 375, 376, 377, 378, 380, 382, 388, 391, 392, 393, 396, 398, 403, 406, 407, 408, 411, 413, 431, 432, 433, 434, 435, 436, 437, 438, 440, 441, 442, 443, 449, 450, 451, 452, 453, 454, 455, 456, 458, 459, 460, 461, 465, 466, 467, 468, 470, 486, 487, 488, 489, 496, 497, 635, 636, 638, 639, 640, 641, 642, 643, 644, 645, 646, 647, 648, 649, 650, 652, 660, 669, 670, 671, 672, 675, 676, 679, 680, 681, 682, 683, 684, 685, 686, 687, 688, 689, 690, 691, 692, 693, 695, 697, 699, 713, 716, 717, 718, 719, 722, 723, 724, 725, 727, 728, 729, 730, 731, 732, 733, 734, 735, 736, 737, 738, 739, 740, 741, 742, 744, 752, 753, 755, 756, 759, 760, 761, 762, 764, 765, 766, 769, 770, 771, 773, 779, 781, 782, 785, 786, 787, 788, 789, 791, 792, 794, 795, 797, 799, 800, 809, 810, 812, 813, 818, 819, 821, 822, 823, 824, 825, 826, 827, 828, 829, 830, 831, 832, 833, 835, 842, 843, 845, 846, 848, 853, 854, 864, 865, 866, 867, 868, 870, 872, 873, 875, 881, 882, 892, 893, 895, 896, 901, 902, 904, 905, 906, 907, 908, 909, 910, 911, 912, 913, 914, 915, 916, 918, 925, 926, 929, 930, 931, 932, 934, 935, 936, 937, 938, 939, 940, 941, 942, 943, 944, 945, 946, 947, 948, 949, 951, 959, 961, 962, 964, 970, 971], "excluded_lines": []}}}}, "totals": {"covered_lines": 657, "num_statements": 1250, "percent_covered": 52.56, "percent_covered_display": "53", "missing_lines": 593, "excluded_lines": 0}}